Log file open, 12/08/19 15:42:53
LogWindows: Failed to load 'aqProf.dll' (GetLastError=126)
LogWindows: File 'aqProf.dll' does not exist
LogWindows: Failed to load 'VtuneApi.dll' (GetLastError=126)
LogWindows: File 'VtuneApi.dll' does not exist
LogWindows: Failed to load 'VtuneApi32e.dll' (GetLastError=126)
LogWindows: File 'VtuneApi32e.dll' does not exist
LogConsoleResponse: Display: Failed to find resolution value strings in scalability ini. Falling back to default.
LogInit: Display: Running engine for game: GravityGunProject
LogPlatformFile: Not using cached read wrapper
LogTaskGraph: Started task graph with 5 named threads and 20 total threads with 3 sets of task threads.
LogStats: Stats thread started at 3.303385
LogD3D11RHI: Loaded GFSDK_Aftermath_Lib.x64.dll
LogICUInternationalization: ICU TimeZone Detection - Raw Offset: +1:00, Platform Override: ''
LogPluginManager: Mounting plugin Paper2D
LogPluginManager: Mounting plugin AISupport
LogPluginManager: Mounting plugin LightPropagationVolume
LogPluginManager: Mounting plugin ActorLayerUtilities
LogPluginManager: Mounting plugin AnimationSharing
LogPluginManager: Mounting plugin CLionSourceCodeAccess
LogPluginManager: Mounting plugin CodeLiteSourceCodeAccess
LogPluginManager: Mounting plugin GitSourceControl
LogPluginManager: Mounting plugin KDevelopSourceCodeAccess
LogPluginManager: Mounting plugin NullSourceCodeAccess
LogPluginManager: Mounting plugin PerforceSourceControl
LogPluginManager: Mounting plugin SubversionSourceControl
LogPluginManager: Mounting plugin UObjectPlugin
LogPluginManager: Mounting plugin VisualStudioCodeSourceCodeAccess
LogPluginManager: Mounting plugin VisualStudioSourceCodeAccess
LogPluginManager: Mounting plugin XCodeSourceCodeAccess
LogPluginManager: Mounting plugin AssetManagerEditor
LogPluginManager: Mounting plugin CryptoKeys
LogPluginManager: Mounting plugin CurveEditorTools
LogPluginManager: Mounting plugin DataValidation
LogPluginManager: Mounting plugin FacialAnimation
LogPluginManager: Mounting plugin GameplayTagsEditor
LogPluginManager: Mounting plugin MacGraphicsSwitching
LogPluginManager: Mounting plugin MaterialAnalyzer
LogPluginManager: Mounting plugin MobileLauncherProfileWizard
LogPluginManager: Mounting plugin PluginBrowser
LogPluginManager: Mounting plugin SpeedTreeImporter
LogPluginManager: Mounting plugin DatasmithContent
LogPluginManager: Mounting plugin VariantManagerContent
LogPluginManager: Mounting plugin AlembicImporter
LogPluginManager: Mounting plugin AutomationUtils
LogPluginManager: Mounting plugin BackChannel
LogPluginManager: Mounting plugin CharacterAI
LogPluginManager: Mounting plugin GeometryCache
LogPluginManager: Mounting plugin HTML5Networking
LogPluginManager: Mounting plugin PlatformCrypto
LogPluginManager: Mounting plugin ProxyLODPlugin
LogPluginManager: Mounting plugin SkeletalReduction
LogPluginManager: Mounting plugin MagicLeap
LogPluginManager: Mounting plugin MagicLeapMedia
LogPluginManager: Mounting plugin AndroidMedia
LogPluginManager: Mounting plugin AvfMedia
LogPluginManager: Mounting plugin ImgMedia
LogPluginManager: Mounting plugin MediaCompositing
LogPluginManager: Mounting plugin MediaPlayerEditor
LogPluginManager: Mounting plugin WebMMedia
LogPluginManager: Mounting plugin WmfMedia
LogPluginManager: Mounting plugin TcpMessaging
LogPluginManager: Mounting plugin UdpMessaging
LogPluginManager: Mounting plugin ActorSequence
LogPluginManager: Mounting plugin LevelSequenceEditor
LogPluginManager: Mounting plugin MatineeToLevelSequence
LogPluginManager: Mounting plugin NetcodeUnitTest
LogPluginManager: Mounting plugin NUTUnrealEngine4
LogPluginManager: Mounting plugin OnlineSubsystemGooglePlay
LogPluginManager: Mounting plugin OnlineSubsystemIOS
LogPluginManager: Mounting plugin OnlineSubsystem
LogPluginManager: Mounting plugin OnlineSubsystemNull
LogPluginManager: Mounting plugin OnlineSubsystemUtils
LogPluginManager: Mounting plugin LauncherChunkInstaller
LogPluginManager: Mounting plugin AndroidDeviceProfileSelector
LogPluginManager: Mounting plugin AndroidMoviePlayer
LogPluginManager: Mounting plugin AndroidPermission
LogPluginManager: Mounting plugin AppleImageUtils
LogPluginManager: Mounting plugin AppleMoviePlayer
LogPluginManager: Mounting plugin ArchVisCharacter
LogPluginManager: Mounting plugin AudioCapture
LogPluginManager: Mounting plugin CableComponent
LogPluginManager: Mounting plugin CustomMeshComponent
LogPluginManager: Mounting plugin EditableMesh
LogPluginManager: Mounting plugin ExampleDeviceProfileSelector
LogPluginManager: Mounting plugin GoogleCloudMessaging
LogPluginManager: Mounting plugin IOSDeviceProfileSelector
LogPluginManager: Mounting plugin LinuxDeviceProfileSelector
LogPluginManager: Mounting plugin LocationServicesBPLibrary
LogPluginManager: Mounting plugin MobilePatchingUtils
LogPluginManager: Mounting plugin OculusVR
LogPluginManager: Mounting plugin PhysXVehicles
LogPluginManager: Mounting plugin ProceduralMeshComponent
LogPluginManager: Mounting plugin RuntimePhysXCooking
LogPluginManager: Mounting plugin SignificanceManager
LogPluginManager: Mounting plugin SteamVR
LogPluginManager: Mounting plugin WebMMoviePlayer
LogPluginManager: Mounting plugin WindowsMoviePlayer
LogPluginManager: Mounting plugin ScreenshotTools
LogInit: Using libcurl 7.55.1-DEV
LogInit:  - built for x86_64-pc-win32
LogInit:  - supports SSL with OpenSSL/1.1.1
LogInit:  - supports HTTP deflate (compression) using libz 1.2.8
LogInit:  - other features:
LogInit:      CURL_VERSION_SSL
LogInit:      CURL_VERSION_LIBZ
LogInit:      CURL_VERSION_IPV6
LogInit:      CURL_VERSION_ASYNCHDNS
LogInit:      CURL_VERSION_LARGEFILE
LogInit:      CURL_VERSION_IDN
LogInit:  CurlRequestOptions (configurable via config and command line):
LogInit:  - bVerifyPeer = true  - Libcurl will verify peer certificate
LogInit:  - bUseHttpProxy = false  - Libcurl will NOT use HTTP proxy
LogInit:  - bDontReuseConnections = false  - Libcurl will reuse connections
LogInit:  - MaxHostConnections = 16  - Libcurl will limit the number of connections to a host
LogInit:  - LocalHostAddr = Default
LogInit:  - BufferSize = 65536
LogOnline: OSS: Creating online subsystem instance for: NULL
LogInit: WinSock: version 1.1 (2.2), MaxSocks=32767, MaxUdp=65467
LogInit: Build: ++UE4+Release-4.23-CL-9631420
LogInit: Engine Version: 4.23.1-9631420+++UE4+Release-4.23
LogInit: Compatible Engine Version: 4.23.0-8386587+++UE4+Release-4.23
LogInit: Net CL: 8386587
LogInit: OS: Windows 7 (Service Pack 1), CPU: AMD Phenom(tm) II X6 1055T Processor, GPU: Radeon(TM) RX 460 Graphics 
LogInit: Compiled (64-bit): Oct 18 2019 02:07:44
LogInit: Compiled with Visual C++: 19.16.27030.01
LogInit: Build Configuration: Development
LogInit: Branch Name: ++UE4+Release-4.23
LogInit: Command Line: 
LogInit: Base Directory: C:/Program Files/Epic Games/UE_4.23/Engine/Binaries/Win64/
LogInit: Installed Engine Build: 1
LogDevObjectVersion: Number of dev versions registered: 23
LogDevObjectVersion:   Dev-Blueprints (B0D832E4-1F89-4F0D-ACCF-7EB736FD4AA2): 10
LogDevObjectVersion:   Dev-Build (E1C64328-A22C-4D53-A36C-8E866417BD8C): 0
LogDevObjectVersion:   Dev-Core (375EC13C-06E4-48FB-B500-84F0262A717E): 3
LogDevObjectVersion:   Dev-Editor (E4B068ED-F494-42E9-A231-DA0B2E46BB41): 34
LogDevObjectVersion:   Dev-Framework (CFFC743F-43B0-4480-9391-14DF171D2073): 35
LogDevObjectVersion:   Dev-Mobile (B02B49B5-BB20-44E9-A304-32B752E40360): 2
LogDevObjectVersion:   Dev-Networking (A4E4105C-59A1-49B5-A7C5-40C4547EDFEE): 0
LogDevObjectVersion:   Dev-Online (39C831C9-5AE6-47DC-9A44-9C173E1C8E7C): 0
LogDevObjectVersion:   Dev-Physics (78F01B33-EBEA-4F98-B9B4-84EACCB95AA2): 0
LogDevObjectVersion:   Dev-Platform (6631380F-2D4D-43E0-8009-CF276956A95A): 0
LogDevObjectVersion:   Dev-Rendering (12F88B9F-8875-4AFC-A67C-D90C383ABD29): 31
LogDevObjectVersion:   Dev-Sequencer (7B5AE74C-D270-4C10-A958-57980B212A5A): 11
LogDevObjectVersion:   Dev-VR (D7296918-1DD6-4BDD-9DE2-64A83CC13884): 2
LogDevObjectVersion:   Dev-LoadTimes (C2A15278-BFE7-4AFE-6C17-90FF531DF755): 1
LogDevObjectVersion:   Private-Geometry (6EACA3D4-40EC-4CC1-B786-8BED09428FC5): 3
LogDevObjectVersion:   Dev-AnimPhys (29E575DD-E0A3-4627-9D10-D276232CDCEA): 17
LogDevObjectVersion:   Dev-Anim (AF43A65D-7FD3-4947-9873-3E8ED9C1BB05): 2
LogDevObjectVersion:   Dev-ReflectionCapture (6B266CEC-1EC7-4B8F-A30B-E4D90942FC07): 1
LogDevObjectVersion:   Dev-Automation (0DF73D61-A23F-47EA-B727-89E90C41499A): 1
LogDevObjectVersion:   FortniteMain (601D1886-AC64-4F84-AA16-D3DE0DEAC7D6): 27
LogDevObjectVersion:   Dev-Enterprise (9DFFBCD6-494F-0158-E221-12823C92A888): 6
LogDevObjectVersion:   Dev-Niagara (F2AED0AC-9AFE-416F-8664-AA7FFA26D6FC): 1
LogDevObjectVersion:   Dev-Destruction (174F1F0B-B4C6-45A5-B13F-2EE8D0FB917D): 9
LogInit: Presizing for max 16777216 objects, including 0 objects not considered by GC, pre-allocating 0 bytes for permanent pool.
LogInit: Object subsystem initialized
LogConfig: Setting CVar [[con.DebugEarlyDefault:1]]
LogConfig: Setting CVar [[r.setres:1280x720]]
[2019.12.08-14.42.56:906][  0]LogConfig: Setting CVar [[r.VSync:0]]
[2019.12.08-14.42.56:906][  0]LogConfig: Setting CVar [[r.RHICmdBypass:0]]
[2019.12.08-14.42.56:906][  0]LogConfig: Applying CVar settings from Section [/Script/Engine.RendererSettings] File [C:/Users/Viktor/Documents/Unreal Projects/GravityGunProject/Saved/Config/Windows/Engine.ini]
[2019.12.08-14.42.56:906][  0]LogConfig: Setting CVar [[r.GPUCrashDebugging:0]]
[2019.12.08-14.42.56:906][  0]LogConfig: Applying CVar settings from Section [/Script/Engine.RendererOverrideSettings] File [C:/Users/Viktor/Documents/Unreal Projects/GravityGunProject/Saved/Config/Windows/Engine.ini]
[2019.12.08-14.42.56:906][  0]LogConfig: Applying CVar settings from Section [/Script/Engine.StreamingSettings] File [C:/Users/Viktor/Documents/Unreal Projects/GravityGunProject/Saved/Config/Windows/Engine.ini]
[2019.12.08-14.42.56:906][  0]LogConfig: Setting CVar [[s.MinBulkDataSizeForAsyncLoading:131072]]
[2019.12.08-14.42.56:906][  0]LogConfig: Setting CVar [[s.AsyncLoadingThreadEnabled:0]]
[2019.12.08-14.42.56:906][  0]LogConfig: Setting CVar [[s.EventDrivenLoaderEnabled:1]]
[2019.12.08-14.42.56:906][  0]LogConfig: Setting CVar [[s.WarnIfTimeLimitExceeded:0]]
[2019.12.08-14.42.56:906][  0]LogConfig: Setting CVar [[s.TimeLimitExceededMultiplier:1.5]]
[2019.12.08-14.42.56:906][  0]LogConfig: Setting CVar [[s.TimeLimitExceededMinTime:0.005]]
[2019.12.08-14.42.56:906][  0]LogConfig: Setting CVar [[s.UseBackgroundLevelStreaming:1]]
[2019.12.08-14.42.56:906][  0]LogConfig: Setting CVar [[s.PriorityAsyncLoadingExtraTime:15.0]]
[2019.12.08-14.42.56:907][  0]LogConfig: Setting CVar [[s.LevelStreamingActorsUpdateTimeLimit:5.0]]
[2019.12.08-14.42.56:907][  0]LogConfig: Setting CVar [[s.PriorityLevelStreamingActorsUpdateExtraTime:5.0]]
[2019.12.08-14.42.56:907][  0]LogConfig: Setting CVar [[s.LevelStreamingComponentsRegistrationGranularity:10]]
[2019.12.08-14.42.56:907][  0]LogConfig: Setting CVar [[s.UnregisterComponentsTimeLimit:1.0]]
[2019.12.08-14.42.56:907][  0]LogConfig: Setting CVar [[s.LevelStreamingComponentsUnregistrationGranularity:5]]
[2019.12.08-14.42.56:907][  0]LogConfig: Applying CVar settings from Section [/Script/Engine.GarbageCollectionSettings] File [C:/Users/Viktor/Documents/Unreal Projects/GravityGunProject/Saved/Config/Windows/Engine.ini]
[2019.12.08-14.42.56:907][  0]LogConfig: Setting CVar [[gc.MaxObjectsNotConsideredByGC:1]]
[2019.12.08-14.42.56:907][  0]LogConfig: Setting CVar [[gc.SizeOfPermanentObjectPool:0]]
[2019.12.08-14.42.56:907][  0]LogConfig: Setting CVar [[gc.FlushStreamingOnGC:0]]
[2019.12.08-14.42.56:907][  0]LogConfig: Setting CVar [[gc.NumRetriesBeforeForcingGC:10]]
[2019.12.08-14.42.56:907][  0]LogConfig: Setting CVar [[gc.AllowParallelGC:1]]
[2019.12.08-14.42.56:907][  0]LogConfig: Setting CVar [[gc.TimeBetweenPurgingPendingKillObjects:61.1]]
[2019.12.08-14.42.56:907][  0]LogConfig: Setting CVar [[gc.MaxObjectsInEditor:16777216]]
[2019.12.08-14.42.56:907][  0]LogConfig: Setting CVar [[gc.IncrementalBeginDestroyEnabled:1]]
[2019.12.08-14.42.56:907][  0]LogConfig: Setting CVar [[gc.CreateGCClusters:1]]
[2019.12.08-14.42.56:907][  0]LogConfig: Setting CVar [[gc.MinGCClusterSize:5]]
[2019.12.08-14.42.56:907][  0]LogConfig: Setting CVar [[gc.ActorClusteringEnabled:0]]
[2019.12.08-14.42.56:907][  0]LogConfig: Setting CVar [[gc.BlueprintClusteringEnabled:0]]
[2019.12.08-14.42.56:907][  0]LogConfig: Setting CVar [[gc.UseDisregardForGCOnDedicatedServers:0]]
[2019.12.08-14.42.56:907][  0]LogConfig: Applying CVar settings from Section [/Script/Engine.NetworkSettings] File [C:/Users/Viktor/Documents/Unreal Projects/GravityGunProject/Saved/Config/Windows/Engine.ini]
[2019.12.08-14.42.56:907][  0]LogConfig: Applying CVar settings from Section [/Script/UnrealEd.CookerSettings] File [C:/Users/Viktor/Documents/Unreal Projects/GravityGunProject/Saved/Config/Windows/Engine.ini]
[2019.12.08-14.42.56:911][  0]LogConfig: Applying CVar settings from Section [ViewDistanceQuality@3] File [C:/Users/Viktor/Documents/Unreal Projects/GravityGunProject/Saved/Config/Windows/Scalability.ini]
[2019.12.08-14.42.56:911][  0]LogConfig: Setting CVar [[r.SkeletalMeshLODBias:0]]
[2019.12.08-14.42.56:911][  0]LogConfig: Setting CVar [[r.ViewDistanceScale:1.0]]
[2019.12.08-14.42.56:911][  0]LogConfig: Applying CVar settings from Section [AntiAliasingQuality@3] File [C:/Users/Viktor/Documents/Unreal Projects/GravityGunProject/Saved/Config/Windows/Scalability.ini]
[2019.12.08-14.42.56:911][  0]LogConfig: Setting CVar [[r.PostProcessAAQuality:4]]
[2019.12.08-14.42.56:911][  0]LogConfig: Applying CVar settings from Section [ShadowQuality@3] File [C:/Users/Viktor/Documents/Unreal Projects/GravityGunProject/Saved/Config/Windows/Scalability.ini]
[2019.12.08-14.42.56:911][  0]LogConfig: Setting CVar [[r.LightFunctionQuality:1]]
[2019.12.08-14.42.56:911][  0]LogConfig: Setting CVar [[r.ShadowQuality:5]]
[2019.12.08-14.42.56:911][  0]LogConfig: Setting CVar [[r.Shadow.CSM.MaxCascades:10]]
[2019.12.08-14.42.56:911][  0]LogConfig: Setting CVar [[r.Shadow.MaxResolution:2048]]
[2019.12.08-14.42.56:911][  0]LogConfig: Setting CVar [[r.Shadow.MaxCSMResolution:2048]]
[2019.12.08-14.42.56:911][  0]LogConfig: Setting CVar [[r.Shadow.RadiusThreshold:0.01]]
[2019.12.08-14.42.56:911][  0]LogConfig: Setting CVar [[r.Shadow.DistanceScale:1.0]]
[2019.12.08-14.42.56:911][  0]LogConfig: Setting CVar [[r.Shadow.CSM.TransitionScale:1.0]]
[2019.12.08-14.42.56:911][  0]LogConfig: Setting CVar [[r.Shadow.PreShadowResolutionFactor:1.0]]
[2019.12.08-14.42.56:911][  0]LogConfig: Setting CVar [[r.DistanceFieldShadowing:1]]
[2019.12.08-14.42.56:911][  0]LogConfig: Setting CVar [[r.DistanceFieldAO:1]]
[2019.12.08-14.42.56:911][  0]LogConfig: Setting CVar [[r.AOQuality:2]]
[2019.12.08-14.42.56:911][  0]LogConfig: Setting CVar [[r.VolumetricFog:1]]
[2019.12.08-14.42.56:911][  0]LogConfig: Setting CVar [[r.VolumetricFog.GridPixelSize:8]]
[2019.12.08-14.42.56:911][  0]LogConfig: Setting CVar [[r.VolumetricFog.GridSizeZ:128]]
[2019.12.08-14.42.56:911][  0]LogConfig: Setting CVar [[r.VolumetricFog.HistoryMissSupersampleCount:4]]
[2019.12.08-14.42.56:911][  0]LogConfig: Setting CVar [[r.LightMaxDrawDistanceScale:1]]
[2019.12.08-14.42.56:911][  0]LogConfig: Setting CVar [[r.CapsuleShadows:1]]
[2019.12.08-14.42.56:911][  0]LogConfig: Applying CVar settings from Section [PostProcessQuality@3] File [C:/Users/Viktor/Documents/Unreal Projects/GravityGunProject/Saved/Config/Windows/Scalability.ini]
[2019.12.08-14.42.56:911][  0]LogConfig: Setting CVar [[r.MotionBlurQuality:4]]
[2019.12.08-14.42.56:911][  0]LogConfig: Setting CVar [[r.AmbientOcclusionMipLevelFactor:0.4]]
[2019.12.08-14.42.56:911][  0]LogConfig: Setting CVar [[r.AmbientOcclusionMaxQuality:100]]
[2019.12.08-14.42.56:911][  0]LogConfig: Setting CVar [[r.AmbientOcclusionLevels:-1]]
[2019.12.08-14.42.56:911][  0]LogConfig: Setting CVar [[r.AmbientOcclusionRadiusScale:1.0]]
[2019.12.08-14.42.56:911][  0]LogConfig: Setting CVar [[r.DepthOfFieldQuality:2]]
[2019.12.08-14.42.56:911][  0]LogConfig: Setting CVar [[r.RenderTargetPoolMin:400]]
[2019.12.08-14.42.56:911][  0]LogConfig: Setting CVar [[r.LensFlareQuality:2]]
[2019.12.08-14.42.56:911][  0]LogConfig: Setting CVar [[r.SceneColorFringeQuality:1]]
[2019.12.08-14.42.56:911][  0]LogConfig: Setting CVar [[r.EyeAdaptationQuality:2]]
[2019.12.08-14.42.56:911][  0]LogConfig: Setting CVar [[r.BloomQuality:5]]
[2019.12.08-14.42.56:911][  0]LogConfig: Setting CVar [[r.FastBlurThreshold:100]]
[2019.12.08-14.42.56:911][  0]LogConfig: Setting CVar [[r.Upscale.Quality:3]]
[2019.12.08-14.42.56:911][  0]LogConfig: Setting CVar [[r.Tonemapper.GrainQuantization:1]]
[2019.12.08-14.42.56:911][  0]LogConfig: Setting CVar [[r.LightShaftQuality:1]]
[2019.12.08-14.42.56:911][  0]LogConfig: Setting CVar [[r.Filter.SizeScale:1]]
[2019.12.08-14.42.56:911][  0]LogConfig: Setting CVar [[r.Tonemapper.Quality:5]]
[2019.12.08-14.42.56:911][  0]LogConfig: Setting CVar [[r.DOF.Gather.AccumulatorQuality:1        ; higher gathering accumulator quality]]
[2019.12.08-14.42.56:911][  0]LogConfig: Setting CVar [[r.DOF.Gather.PostfilterMethod:1          ; Median3x3 postfilering method]]
[2019.12.08-14.42.56:911][  0]LogConfig: Setting CVar [[r.DOF.Gather.EnableBokehSettings:0       ; no bokeh simulation when gathering]]
[2019.12.08-14.42.56:911][  0]LogConfig: Setting CVar [[r.DOF.Gather.RingCount:4                 ; medium number of samples when gathering]]
[2019.12.08-14.42.56:911][  0]LogConfig: Setting CVar [[r.DOF.Scatter.ForegroundCompositing:1    ; additive foreground scattering]]
[2019.12.08-14.42.56:911][  0]LogConfig: Setting CVar [[r.DOF.Scatter.BackgroundCompositing:2    ; additive background scattering]]
[2019.12.08-14.42.56:912][  0]LogConfig: Setting CVar [[r.DOF.Scatter.EnableBokehSettings:1      ; bokeh simulation when scattering]]
[2019.12.08-14.42.56:912][  0]LogConfig: Setting CVar [[r.DOF.Scatter.MaxSpriteRatio:0.1         ; only a maximum of 10% of scattered bokeh]]
[2019.12.08-14.42.56:912][  0]LogConfig: Setting CVar [[r.DOF.Recombine.Quality:1                ; cheap slight out of focus]]
[2019.12.08-14.42.56:912][  0]LogConfig: Setting CVar [[r.DOF.Recombine.EnableBokehSettings:0    ; no bokeh simulation on slight out of focus]]
[2019.12.08-14.42.56:912][  0]LogConfig: Setting CVar [[r.DOF.TemporalAAQuality:1                ; more stable temporal accumulation]]
[2019.12.08-14.42.56:912][  0]LogConfig: Setting CVar [[r.DOF.Kernel.MaxForegroundRadius:0.025]]
[2019.12.08-14.42.56:912][  0]LogConfig: Setting CVar [[r.DOF.Kernel.MaxBackgroundRadius:0.025]]
[2019.12.08-14.42.56:912][  0]LogConfig: Applying CVar settings from Section [TextureQuality@3] File [C:/Users/Viktor/Documents/Unreal Projects/GravityGunProject/Saved/Config/Windows/Scalability.ini]
[2019.12.08-14.42.56:912][  0]LogConfig: Setting CVar [[r.Streaming.MipBias:0]]
[2019.12.08-14.42.56:912][  0]LogConfig: Setting CVar [[r.Streaming.AmortizeCPUToGPUCopy:0]]
[2019.12.08-14.42.56:912][  0]LogConfig: Setting CVar [[r.Streaming.MaxNumTexturesToStreamPerFrame:0]]
[2019.12.08-14.42.56:912][  0]LogConfig: Setting CVar [[r.Streaming.Boost:1]]
[2019.12.08-14.42.56:912][  0]LogConfig: Setting CVar [[r.MaxAnisotropy:8]]
[2019.12.08-14.42.56:912][  0]LogConfig: Setting CVar [[r.Streaming.LimitPoolSizeToVRAM:0]]
[2019.12.08-14.42.56:912][  0]LogConfig: Setting CVar [[r.Streaming.PoolSize:1000]]
[2019.12.08-14.42.56:912][  0]LogConfig: Setting CVar [[r.Streaming.MaxEffectiveScreenSize:0]]
[2019.12.08-14.42.56:912][  0]LogConfig: Applying CVar settings from Section [EffectsQuality@3] File [C:/Users/Viktor/Documents/Unreal Projects/GravityGunProject/Saved/Config/Windows/Scalability.ini]
[2019.12.08-14.42.56:912][  0]LogConfig: Setting CVar [[r.TranslucencyLightingVolumeDim:64]]
[2019.12.08-14.42.56:912][  0]LogConfig: Setting CVar [[r.RefractionQuality:2]]
[2019.12.08-14.42.56:912][  0]LogConfig: Setting CVar [[r.SSR.Quality:3]]
[2019.12.08-14.42.56:912][  0]LogConfig: Setting CVar [[r.SceneColorFormat:4]]
[2019.12.08-14.42.56:912][  0]LogConfig: Setting CVar [[r.DetailMode:2]]
[2019.12.08-14.42.56:912][  0]LogConfig: Setting CVar [[r.TranslucencyVolumeBlur:1]]
[2019.12.08-14.42.56:912][  0]LogConfig: Setting CVar [[r.MaterialQualityLevel:1 ; High quality]]
[2019.12.08-14.42.56:912][  0]LogConfig: Setting CVar [[r.SSS.Scale:1]]
[2019.12.08-14.42.56:912][  0]LogConfig: Setting CVar [[r.SSS.SampleSet:2]]
[2019.12.08-14.42.56:912][  0]LogConfig: Setting CVar [[r.SSS.Quality:1]]
[2019.12.08-14.42.56:912][  0]LogConfig: Setting CVar [[r.SSS.HalfRes:1]]
[2019.12.08-14.42.56:912][  0]LogConfig: Setting CVar [[r.EmitterSpawnRateScale:1.0]]
[2019.12.08-14.42.56:912][  0]LogConfig: Setting CVar [[r.ParticleLightQuality:2]]
[2019.12.08-14.42.56:912][  0]LogConfig: Applying CVar settings from Section [FoliageQuality@3] File [C:/Users/Viktor/Documents/Unreal Projects/GravityGunProject/Saved/Config/Windows/Scalability.ini]
[2019.12.08-14.42.56:912][  0]LogConfig: Setting CVar [[foliage.DensityScale:1.0]]
[2019.12.08-14.42.56:912][  0]LogConfig: Setting CVar [[grass.DensityScale:1.0]]
[2019.12.08-14.42.56:912][  0]LogInit: Selected Device Profile: [Windows]
[2019.12.08-14.42.56:912][  0]LogInit: Applying CVar settings loaded from the selected device profile: [Windows]
[2019.12.08-14.42.56:939][  0]LogHAL: Display: Platform has ~ 8 GB [8587350016 / 8589934592 / 8], which maps to Default [LargestMinGB=32, LargerMinGB=12, DefaultMinGB=8, SmallerMinGB=6, SmallestMinGB=0)
[2019.12.08-14.42.56:939][  0]LogInit: Going up to parent DeviceProfile []
[2019.12.08-14.42.56:939][  0]LogConfig: Applying CVar settings from Section [ViewDistanceQuality@1] File [C:/Users/Viktor/Documents/Unreal Projects/GravityGunProject/Saved/Config/Windows/Scalability.ini]
[2019.12.08-14.42.56:939][  0]LogConfig: Setting CVar [[r.SkeletalMeshLODBias:1]]
[2019.12.08-14.42.56:939][  0]LogConfig: Setting CVar [[r.ViewDistanceScale:0.6]]
[2019.12.08-14.42.56:939][  0]LogConfig: Applying CVar settings from Section [AntiAliasingQuality@1] File [C:/Users/Viktor/Documents/Unreal Projects/GravityGunProject/Saved/Config/Windows/Scalability.ini]
[2019.12.08-14.42.56:939][  0]LogConfig: Setting CVar [[r.PostProcessAAQuality:2]]
[2019.12.08-14.42.56:939][  0]LogConfig: Applying CVar settings from Section [ShadowQuality@1] File [C:/Users/Viktor/Documents/Unreal Projects/GravityGunProject/Saved/Config/Windows/Scalability.ini]
[2019.12.08-14.42.56:939][  0]LogConfig: Setting CVar [[r.LightFunctionQuality:1]]
[2019.12.08-14.42.56:939][  0]LogConfig: Setting CVar [[r.ShadowQuality:3]]
[2019.12.08-14.42.56:939][  0]LogConfig: Setting CVar [[r.Shadow.CSM.MaxCascades:1]]
[2019.12.08-14.42.56:939][  0]LogConfig: Setting CVar [[r.Shadow.MaxResolution:1024]]
[2019.12.08-14.42.56:939][  0]LogConfig: Setting CVar [[r.Shadow.MaxCSMResolution:1024]]
[2019.12.08-14.42.56:939][  0]LogConfig: Setting CVar [[r.Shadow.RadiusThreshold:0.05]]
[2019.12.08-14.42.56:939][  0]LogConfig: Setting CVar [[r.Shadow.DistanceScale:0.7]]
[2019.12.08-14.42.56:939][  0]LogConfig: Setting CVar [[r.Shadow.CSM.TransitionScale:0.25]]
[2019.12.08-14.42.56:939][  0]LogConfig: Setting CVar [[r.Shadow.PreShadowResolutionFactor:0.5]]
[2019.12.08-14.42.56:939][  0]LogConfig: Setting CVar [[r.DistanceFieldShadowing:0]]
[2019.12.08-14.42.56:939][  0]LogConfig: Setting CVar [[r.DistanceFieldAO:0]]
[2019.12.08-14.42.56:939][  0]LogConfig: Setting CVar [[r.VolumetricFog:0]]
[2019.12.08-14.42.56:939][  0]LogConfig: Setting CVar [[r.LightMaxDrawDistanceScale:.5]]
[2019.12.08-14.42.56:939][  0]LogConfig: Setting CVar [[r.CapsuleShadows:1]]
[2019.12.08-14.42.56:939][  0]LogConfig: Applying CVar settings from Section [PostProcessQuality@1] File [C:/Users/Viktor/Documents/Unreal Projects/GravityGunProject/Saved/Config/Windows/Scalability.ini]
[2019.12.08-14.42.56:939][  0]LogConfig: Setting CVar [[r.MotionBlurQuality:3]]
[2019.12.08-14.42.56:939][  0]LogConfig: Setting CVar [[r.AmbientOcclusionMipLevelFactor:1.0]]
[2019.12.08-14.42.56:939][  0]LogConfig: Setting CVar [[r.AmbientOcclusionMaxQuality:60]]
[2019.12.08-14.42.56:939][  0]LogConfig: Setting CVar [[r.AmbientOcclusionLevels:-1]]
[2019.12.08-14.42.56:939][  0]LogConfig: Setting CVar [[r.AmbientOcclusionRadiusScale:1.5]]
[2019.12.08-14.42.56:939][  0]LogConfig: Setting CVar [[r.DepthOfFieldQuality:1]]
[2019.12.08-14.42.56:939][  0]LogConfig: Setting CVar [[r.RenderTargetPoolMin:350]]
[2019.12.08-14.42.56:939][  0]LogConfig: Setting CVar [[r.LensFlareQuality:0]]
[2019.12.08-14.42.56:939][  0]LogConfig: Setting CVar [[r.SceneColorFringeQuality:0]]
[2019.12.08-14.42.56:939][  0]LogConfig: Setting CVar [[r.EyeAdaptationQuality:0]]
[2019.12.08-14.42.56:939][  0]LogConfig: Setting CVar [[r.BloomQuality:4]]
[2019.12.08-14.42.56:939][  0]LogConfig: Setting CVar [[r.FastBlurThreshold:2]]
[2019.12.08-14.42.56:939][  0]LogConfig: Setting CVar [[r.Upscale.Quality:2]]
[2019.12.08-14.42.56:939][  0]LogConfig: Setting CVar [[r.Tonemapper.GrainQuantization:0]]
[2019.12.08-14.42.56:939][  0]LogConfig: Setting CVar [[r.LightShaftQuality:0]]
[2019.12.08-14.42.56:939][  0]LogConfig: Setting CVar [[r.Filter.SizeScale:0.7]]
[2019.12.08-14.42.56:939][  0]LogConfig: Setting CVar [[r.Tonemapper.Quality:2]]
[2019.12.08-14.42.56:939][  0]LogConfig: Setting CVar [[r.DOF.Gather.AccumulatorQuality:0        ; lower gathering accumulator quality]]
[2019.12.08-14.42.56:939][  0]LogConfig: Setting CVar [[r.DOF.Gather.PostfilterMethod:2          ; Max3x3 postfilering method]]
[2019.12.08-14.42.56:939][  0]LogConfig: Setting CVar [[r.DOF.Gather.EnableBokehSettings:0       ; no bokeh simulation when gathering]]
[2019.12.08-14.42.56:939][  0]LogConfig: Setting CVar [[r.DOF.Gather.RingCount:3                 ; low number of samples when gathering]]
[2019.12.08-14.42.56:940][  0]LogConfig: Setting CVar [[r.DOF.Scatter.ForegroundCompositing:0    ; no foreground scattering]]
[2019.12.08-14.42.56:940][  0]LogConfig: Setting CVar [[r.DOF.Scatter.BackgroundCompositing:0    ; no foreground scattering]]
[2019.12.08-14.42.56:940][  0]LogConfig: Setting CVar [[r.DOF.Recombine.Quality:0                ; no slight out of focus]]
[2019.12.08-14.42.56:940][  0]LogConfig: Setting CVar [[r.DOF.TemporalAAQuality:0                ; faster temporal accumulation]]
[2019.12.08-14.42.56:940][  0]LogConfig: Setting CVar [[r.DOF.Kernel.MaxForegroundRadius:0.006   ; required because low gathering and no scattering and not looking great at 1080p]]
[2019.12.08-14.42.56:940][  0]LogConfig: Setting CVar [[r.DOF.Kernel.MaxBackgroundRadius:0.006   ; required because low gathering and no scattering and not looking great at 1080p]]
[2019.12.08-14.42.56:940][  0]LogConfig: Applying CVar settings from Section [TextureQuality@1] File [C:/Users/Viktor/Documents/Unreal Projects/GravityGunProject/Saved/Config/Windows/Scalability.ini]
[2019.12.08-14.42.56:940][  0]LogConfig: Setting CVar [[r.Streaming.MipBias:1]]
[2019.12.08-14.42.56:940][  0]LogConfig: Setting CVar [[r.Streaming.AmortizeCPUToGPUCopy:0]]
[2019.12.08-14.42.56:940][  0]LogConfig: Setting CVar [[r.Streaming.MaxNumTexturesToStreamPerFrame:0]]
[2019.12.08-14.42.56:940][  0]LogConfig: Setting CVar [[r.Streaming.Boost:1]]
[2019.12.08-14.42.56:940][  0]LogConfig: Setting CVar [[r.MaxAnisotropy:2]]
[2019.12.08-14.42.56:940][  0]LogConfig: Setting CVar [[r.Streaming.LimitPoolSizeToVRAM:1]]
[2019.12.08-14.42.56:940][  0]LogConfig: Setting CVar [[r.Streaming.PoolSize:600]]
[2019.12.08-14.42.56:940][  0]LogConfig: Setting CVar [[r.Streaming.MaxEffectiveScreenSize:0]]
[2019.12.08-14.42.56:940][  0]LogConfig: Applying CVar settings from Section [EffectsQuality@1] File [C:/Users/Viktor/Documents/Unreal Projects/GravityGunProject/Saved/Config/Windows/Scalability.ini]
[2019.12.08-14.42.56:940][  0]LogConfig: Setting CVar [[r.TranslucencyLightingVolumeDim:32]]
[2019.12.08-14.42.56:940][  0]LogConfig: Setting CVar [[r.RefractionQuality:0]]
[2019.12.08-14.42.56:940][  0]LogConfig: Setting CVar [[r.SSR.Quality:0]]
[2019.12.08-14.42.56:940][  0]LogConfig: Setting CVar [[r.SceneColorFormat:3]]
[2019.12.08-14.42.56:940][  0]LogConfig: Setting CVar [[r.DetailMode:1]]
[2019.12.08-14.42.56:940][  0]LogConfig: Setting CVar [[r.TranslucencyVolumeBlur:0]]
[2019.12.08-14.42.56:940][  0]LogConfig: Setting CVar [[r.MaterialQualityLevel:2 ; Medium quality]]
[2019.12.08-14.42.56:940][  0]LogConfig: Setting CVar [[r.SSS.Scale:0.75]]
[2019.12.08-14.42.56:940][  0]LogConfig: Setting CVar [[r.SSS.SampleSet:0]]
[2019.12.08-14.42.56:940][  0]LogConfig: Setting CVar [[r.SSS.Quality:0]]
[2019.12.08-14.42.56:940][  0]LogConfig: Setting CVar [[r.SSS.HalfRes:1]]
[2019.12.08-14.42.56:940][  0]LogConfig: Setting CVar [[r.EmitterSpawnRateScale:0.25]]
[2019.12.08-14.42.56:940][  0]LogConfig: Setting CVar [[r.ParticleLightQuality:0]]
[2019.12.08-14.42.56:940][  0]LogConfig: Applying CVar settings from Section [FoliageQuality@1] File [C:/Users/Viktor/Documents/Unreal Projects/GravityGunProject/Saved/Config/Windows/Scalability.ini]
[2019.12.08-14.42.56:940][  0]LogConfig: Setting CVar [[foliage.DensityScale:0.4]]
[2019.12.08-14.42.56:940][  0]LogConfig: Setting CVar [[grass.DensityScale:0.4]]
[2019.12.08-14.42.56:940][  0]LogConfig: Applying CVar settings from Section [Startup] File [../../../Engine/Config/ConsoleVariables.ini]
[2019.12.08-14.42.56:940][  0]LogConfig: Setting CVar [[net.UseAdaptiveNetUpdateFrequency:0]]
[2019.12.08-14.42.56:940][  0]LogConfig: Setting CVar [[p.chaos.AllowCreatePhysxBodies:1]]
[2019.12.08-14.42.56:940][  0]LogConfig: Applying CVar settings from Section [ConsoleVariables] File [C:/Users/Viktor/Documents/Unreal Projects/GravityGunProject/Saved/Config/Windows/Engine.ini]
[2019.12.08-14.42.56:941][  0]LogInit: Computer: VIKTOR-DATOR
[2019.12.08-14.42.56:941][  0]LogInit: User: Viktor
[2019.12.08-14.42.56:941][  0]LogInit: CPU Page size=4096, Cores=6
[2019.12.08-14.42.56:941][  0]LogInit: High frequency timer resolution =2.746982 MHz
[2019.12.08-14.42.56:941][  0]LogMemory: Memory total: Physical=8.0GB (8GB approx)
[2019.12.08-14.42.56:941][  0]LogMemory: Platform Memory Stats for Windows
[2019.12.08-14.42.56:941][  0]LogMemory: Process Physical Memory: 101.60 MB used, 101.60 MB peak
[2019.12.08-14.42.56:941][  0]LogMemory: Process Virtual Memory: 103.13 MB used, 103.13 MB peak
[2019.12.08-14.42.56:941][  0]LogMemory: Physical Memory: 5789.58 MB used,  2399.95 MB free, 8189.54 MB total
[2019.12.08-14.42.56:941][  0]LogMemory: Virtual Memory: 539.84 MB used,  8388068.00 MB free, 8388608.00 MB total
[2019.12.08-14.42.56:989][  0]LogWindows: WindowsPlatformFeatures enabled
[2019.12.08-14.42.57:755][  0]LogInit: Using OS detected language (sv-SE).
[2019.12.08-14.42.57:755][  0]LogInit: Using OS detected locale (sv-SE).
[2019.12.08-14.42.57:756][  0]LogTextLocalizationManager: No localization for 'sv-SE' exists, so 'en' will be used for the language.
[2019.12.08-14.43.02:340][  0]LogWindows: Failed to load 'shcore.dll' (GetLastError=126)
[2019.12.08-14.43.02:340][  0]LogWindows: File 'shcore.dll' does not exist
[2019.12.08-14.43.02:340][  0]LogInit: Setting process to DPI aware
[2019.12.08-14.43.02:646][  0]LogSlate: New Slate User Created.  User Index 0, Is Virtual User: 0
[2019.12.08-14.43.02:646][  0]LogSlate: Slate User Registered.  User Index 0, Is Virtual User: 0
[2019.12.08-14.43.05:923][  0]LogHMD: Failed to initialize OpenVR with code 100
[2019.12.08-14.43.05:923][  0]LogD3D11RHI: D3D11 adapters:
[2019.12.08-14.43.06:010][  0]LogD3D11RHI:    0. 'Radeon(TM) RX 460 Graphics ' (Feature Level 11_0)
[2019.12.08-14.43.06:010][  0]LogD3D11RHI:       1992/0/3838 MB DedicatedVideo/DedicatedSystem/SharedSystem, Outputs:1, VendorId:0x1002
[2019.12.08-14.43.06:010][  0]LogD3D11RHI: Chosen D3D11 Adapter: 0
[2019.12.08-14.43.06:018][  0]LogD3D11RHI: Creating new Direct3DDevice
[2019.12.08-14.43.06:018][  0]LogD3D11RHI:     GPU DeviceId: 0x67ef (for the marketing name, search the web for "GPU Device Id")
[2019.12.08-14.43.06:018][  0]LogWindows: EnumDisplayDevices:
[2019.12.08-14.43.06:018][  0]LogWindows:    0. 'Radeon(TM) RX 460 Graphics ' (P:1 D:1)
[2019.12.08-14.43.06:019][  0]LogWindows:    1. 'Radeon(TM) RX 460 Graphics ' (P:0 D:0)
[2019.12.08-14.43.06:019][  0]LogWindows:    2. 'Radeon(TM) RX 460 Graphics ' (P:0 D:0)
[2019.12.08-14.43.06:019][  0]LogWindows:    3. 'Radeon(TM) RX 460 Graphics ' (P:0 D:0)
[2019.12.08-14.43.06:020][  0]LogWindows:    4. 'Radeon(TM) RX 460 Graphics ' (P:0 D:0)
[2019.12.08-14.43.06:020][  0]LogWindows:    5. 'RDPDD Chained DD' (P:0 D:0)
[2019.12.08-14.43.06:020][  0]LogWindows:    6. 'RDP Encoder Mirror Driver' (P:0 D:0)
[2019.12.08-14.43.06:020][  0]LogWindows:    7. 'RDP Reflector Display Driver' (P:0 D:0)
[2019.12.08-14.43.06:020][  0]LogWindows: DebugString: GetVideoDriverDetailsInvalid PrimaryIsNotTheChoosenAdapter GetVideoDriverDetailsInvalid PrimaryIsNotTheChoosenAdapter GetVideoDriverDetailsInvalid PrimaryIsNotTheChoosenAdapter FoundDriverCount:5 
[2019.12.08-14.43.06:020][  0]LogD3D11RHI:     Adapter Name: Radeon(TM) RX 460 Graphics 
[2019.12.08-14.43.06:020][  0]LogD3D11RHI:   Driver Version: Crimson ReLive 16.12.1 (internal:21.19.384.0, unified:21.19.384.0)
[2019.12.08-14.43.06:020][  0]LogD3D11RHI:      Driver Date: 12-4-2016
[2019.12.08-14.43.06:021][  0]LogRHI: Texture pool is 1394 MB (70% of 1992 MB)
[2019.12.08-14.43.06:108][  0]LogD3D11RHI: Async texture creation enabled
[2019.12.08-14.43.06:119][  0]LogD3D11RHI: GPU Timing Frequency: 25.000000 (Debug: 2 1)
[2019.12.08-14.43.06:582][  0]LogTemp: Display: Module 'AllDesktopTargetPlatform' loaded TargetPlatform 'AllDesktop'
[2019.12.08-14.43.06:614][  0]LogTemp: Display: Module 'MacClientTargetPlatform' loaded TargetPlatform 'MacClient'
[2019.12.08-14.43.06:628][  0]LogTemp: Display: Module 'MacNoEditorTargetPlatform' loaded TargetPlatform 'MacNoEditor'
[2019.12.08-14.43.06:650][  0]LogTemp: Display: Module 'MacServerTargetPlatform' loaded TargetPlatform 'MacServer'
[2019.12.08-14.43.06:741][  0]LogTemp: Display: Module 'MacTargetPlatform' loaded TargetPlatform 'Mac'
[2019.12.08-14.43.06:796][  0]LogTemp: Display: Module 'WindowsClientTargetPlatform' loaded TargetPlatform 'WindowsClient'
[2019.12.08-14.43.06:831][  0]LogTemp: Display: Module 'WindowsNoEditorTargetPlatform' loaded TargetPlatform 'WindowsNoEditor'
[2019.12.08-14.43.06:867][  0]LogTemp: Display: Module 'WindowsServerTargetPlatform' loaded TargetPlatform 'WindowsServer'
[2019.12.08-14.43.06:875][  0]LogTemp: Display: Module 'WindowsTargetPlatform' loaded TargetPlatform 'Windows'
[2019.12.08-14.43.06:965][  0]LogTemp: Display: Module 'AndroidTargetPlatform' loaded TargetPlatform 'Android'
[2019.12.08-14.43.06:965][  0]LogTemp: Display: Module 'AndroidTargetPlatform' loaded TargetPlatform 'Android_ASTC'
[2019.12.08-14.43.06:965][  0]LogTemp: Display: Module 'AndroidTargetPlatform' loaded TargetPlatform 'Android_ATC'
[2019.12.08-14.43.06:965][  0]LogTemp: Display: Module 'AndroidTargetPlatform' loaded TargetPlatform 'Android_DXT'
[2019.12.08-14.43.06:965][  0]LogTemp: Display: Module 'AndroidTargetPlatform' loaded TargetPlatform 'Android_ETC1'
[2019.12.08-14.43.06:965][  0]LogTemp: Display: Module 'AndroidTargetPlatform' loaded TargetPlatform 'Android_ETC1a'
[2019.12.08-14.43.06:965][  0]LogTemp: Display: Module 'AndroidTargetPlatform' loaded TargetPlatform 'Android_ETC2'
[2019.12.08-14.43.06:965][  0]LogTemp: Display: Module 'AndroidTargetPlatform' loaded TargetPlatform 'Android_PVRTC'
[2019.12.08-14.43.06:965][  0]LogTemp: Display: Module 'AndroidTargetPlatform' loaded TargetPlatform 'AndroidClient'
[2019.12.08-14.43.06:965][  0]LogTemp: Display: Module 'AndroidTargetPlatform' loaded TargetPlatform 'Android_ASTCClient'
[2019.12.08-14.43.06:965][  0]LogTemp: Display: Module 'AndroidTargetPlatform' loaded TargetPlatform 'Android_ATCClient'
[2019.12.08-14.43.06:965][  0]LogTemp: Display: Module 'AndroidTargetPlatform' loaded TargetPlatform 'Android_DXTClient'
[2019.12.08-14.43.06:965][  0]LogTemp: Display: Module 'AndroidTargetPlatform' loaded TargetPlatform 'Android_ETC1Client'
[2019.12.08-14.43.06:965][  0]LogTemp: Display: Module 'AndroidTargetPlatform' loaded TargetPlatform 'Android_ETC1aClient'
[2019.12.08-14.43.06:965][  0]LogTemp: Display: Module 'AndroidTargetPlatform' loaded TargetPlatform 'Android_ETC2Client'
[2019.12.08-14.43.06:965][  0]LogTemp: Display: Module 'AndroidTargetPlatform' loaded TargetPlatform 'Android_PVRTCClient'
[2019.12.08-14.43.06:965][  0]LogTemp: Display: Module 'AndroidTargetPlatform' loaded TargetPlatform 'Android_Multi'
[2019.12.08-14.43.06:965][  0]LogTemp: Display: Module 'AndroidTargetPlatform' loaded TargetPlatform 'Android_MultiClient'
[2019.12.08-14.43.07:008][  0]LogTemp: Display: Module 'HTML5TargetPlatform' loaded TargetPlatform 'HTML5'
[2019.12.08-14.43.07:155][  0]LogTemp: Display: Module 'IOSTargetPlatform' loaded TargetPlatform 'IOSClient'
[2019.12.08-14.43.07:155][  0]LogTemp: Display: Module 'IOSTargetPlatform' loaded TargetPlatform 'IOS'
[2019.12.08-14.43.07:196][  0]LogTemp: Display: Module 'TVOSTargetPlatform' loaded TargetPlatform 'TVOSClient'
[2019.12.08-14.43.07:196][  0]LogTemp: Display: Module 'TVOSTargetPlatform' loaded TargetPlatform 'TVOS'
[2019.12.08-14.43.07:281][  0]LogTemp: Display: Module 'LinuxClientTargetPlatform' loaded TargetPlatform 'LinuxClient'
[2019.12.08-14.43.07:294][  0]LogTemp: Display: Module 'LinuxNoEditorTargetPlatform' loaded TargetPlatform 'LinuxNoEditor'
[2019.12.08-14.43.07:305][  0]LogTemp: Display: Module 'LinuxServerTargetPlatform' loaded TargetPlatform 'LinuxServer'
[2019.12.08-14.43.07:325][  0]LogTemp: Display: Module 'LinuxTargetPlatform' loaded TargetPlatform 'Linux'
[2019.12.08-14.43.07:436][  0]LogTemp: Display: Module 'LuminTargetPlatform' loaded TargetPlatform 'Lumin'
[2019.12.08-14.43.07:436][  0]LogTemp: Display: Module 'LuminTargetPlatform' loaded TargetPlatform 'LuminClient'
[2019.12.08-14.43.07:436][  0]LogTargetPlatformManager: Display: Building Assets For Windows
[2019.12.08-14.43.07:512][  0]LogAudioDebug: Display: Lib vorbis DLL was dynamically loaded.
[2019.12.08-14.43.08:168][  0]LogShaderCompilers: Guid format shader working directory is -27 characters bigger than the processId version (../../../../../../Users/Viktor/Documents/Unreal Projects/GravityGunProject/Intermediate/Shaders/WorkingDirectory/9468/).
[2019.12.08-14.43.08:169][  0]LogShaderCompilers: Cleaned the shader compiler working directory 'C:/Users/Viktor/AppData/Local/Temp/UnrealShaderWorkingDir/CA1EFECD4DEFF9A0E2E33685C786A4F2/'.
[2019.12.08-14.43.08:184][  0]LogXGEController: Cannot use XGE Controller as Incredibuild is not installed on this machine.
[2019.12.08-14.43.08:184][  0]LogShaderCompilers: Cannot use XGE Shader Compiler as Incredibuild is not installed on this machine.
[2019.12.08-14.43.08:184][  0]LogShaderCompilers: Display: Using Local Shader Compiler.
[2019.12.08-14.43.13:279][  0]LogDerivedDataCache: Display: Max Cache Size: 512 MB
[2019.12.08-14.43.14:410][  0]LogDerivedDataCache: Loaded boot cache 1.13s 76MB C:/Users/Viktor/AppData/Local/UnrealEngine/4.23/DerivedDataCache/Boot.ddc.
[2019.12.08-14.43.14:410][  0]LogDerivedDataCache: Display: Loaded Boot cache: C:/Users/Viktor/AppData/Local/UnrealEngine/4.23/DerivedDataCache/Boot.ddc
[2019.12.08-14.43.14:410][  0]LogDerivedDataCache: FDerivedDataBackendGraph:  Pak pak cache file ../../../../../../Users/Viktor/Documents/Unreal Projects/GravityGunProject/DerivedDataCache/DDC.ddp not found, will not use a pak cache.
[2019.12.08-14.43.14:410][  0]LogDerivedDataCache: Unable to find inner node Pak for hierarchical cache Hierarchy.
[2019.12.08-14.43.14:410][  0]LogDerivedDataCache: FDerivedDataBackendGraph:  CompressedPak pak cache file ../../../../../../Users/Viktor/Documents/Unreal Projects/GravityGunProject/DerivedDataCache/Compressed.ddp not found, will not use a pak cache.
[2019.12.08-14.43.14:410][  0]LogDerivedDataCache: Unable to find inner node CompressedPak for hierarchical cache Hierarchy.
[2019.12.08-14.43.14:425][  0]LogDerivedDataCache: Display: Pak cache opened for reading ../../../Engine/DerivedDataCache/Compressed.ddp.
[2019.12.08-14.43.14:425][  0]LogDerivedDataCache: FDerivedDataBackendGraph:  EnterprisePak pak cache file ../../../Enterprise/DerivedDataCache/Compressed.ddp not found, will not use a pak cache.
[2019.12.08-14.43.14:425][  0]LogDerivedDataCache: Unable to find inner node EnterprisePak for hierarchical cache Hierarchy.
[2019.12.08-14.43.14:428][  0]LogDerivedDataCache: Using Local data cache path C:/Users/Viktor/AppData/Local/UnrealEngine/Common/DerivedDataCache: Writable
[2019.12.08-14.43.14:428][  0]LogDerivedDataCache: Shared data cache path not found in *engine.ini, will not use an Shared cache.
[2019.12.08-14.43.14:428][  0]LogDerivedDataCache: Unable to find inner node Shared for hierarchical cache Hierarchy.
[2019.12.08-14.43.14:465][  0]LogMaterial: Verifying Global Shaders for PCD3D_SM5
[2019.12.08-14.43.14:469][  0]LogSlate: Using FreeType 2.6.0
[2019.12.08-14.43.14:509][  0]LogSlate: SlateFontServices - WITH_FREETYPE: 1, WITH_HARFBUZZ: 1
[2019.12.08-14.43.15:163][  0]LogAssetRegistry: FAssetRegistry took 0.0036 seconds to start up
[2019.12.08-14.43.15:632][  0]LogInit: Selected Device Profile: [Windows]
[2019.12.08-14.43.16:446][  0]LogMeshReduction: Using QuadricMeshReduction for automatic static mesh reduction
[2019.12.08-14.43.16:446][  0]LogMeshReduction: Using SimplygonMeshReduction for automatic skeletal mesh reduction
[2019.12.08-14.43.16:446][  0]LogMeshReduction: Using ProxyLODMeshReduction for automatic mesh merging
[2019.12.08-14.43.16:446][  0]LogMeshReduction: No distributed automatic mesh merging module available
[2019.12.08-14.43.16:446][  0]LogMeshMerging: No distributed automatic mesh merging module available
[2019.12.08-14.43.16:471][  0]LogNetVersion: GravityGunProject 1.0.0, NetCL: 8386587, EngineNetVer: 11, GameNetVer: 0 (Checksum: 198256356)
[2019.12.08-14.43.17:295][  0]LogPackageLocalizationCache: Processed 12 localized package path(s) for 1 prioritized culture(s) in 0.096111 seconds
[2019.12.08-14.43.17:308][  0]LogUObjectArray: 43444 objects as part of root set at end of initial load.
[2019.12.08-14.43.17:308][  0]LogUObjectAllocator: 7548648 out of 0 bytes used by permanent object pool.
[2019.12.08-14.43.17:308][  0]LogUObjectArray: CloseDisregardForGC: 0/0 objects in disregard for GC pool
[2019.12.08-14.43.32:435][  0]LogTcpMessaging: Initializing TcpMessaging bridge
[2019.12.08-14.43.32:462][  0]LogUdpMessaging: Initializing bridge on interface 0.0.0.0:0 to multicast group 230.0.0.1:6666.
[2019.12.08-14.43.33:432][  0]SourceControl: Source control is disabled
[2019.12.08-14.43.33:432][  0]SourceControl: Source control is disabled
[2019.12.08-14.43.33:494][  0]SourceControl: Source control is disabled
[2019.12.08-14.43.33:541][  0]SourceControl: Source control is disabled
[2019.12.08-14.43.34:982][  0]LogAndroidPermission: UAndroidPermissionCallbackProxy::GetInstance
[2019.12.08-14.43.35:808][  0]LogOcInput: OculusInput pre-init called
[2019.12.08-14.43.35:842][  0]LogWindows: Failed to load 'OVRPlugin.dll' (GetLastError=126)
[2019.12.08-14.43.35:842][  0]LogWindows: File 'OVRPlugin.dll' does not exist
[2019.12.08-14.43.36:121][  0]LogEngine: Initializing Engine...
[2019.12.08-14.43.36:123][  0]LogHMD: Failed to initialize OpenVR with code 100
[2019.12.08-14.43.36:124][  0]LogStats: UGameplayTagsManager::InitializeManager -  0.000 s
[2019.12.08-14.43.36:506][  0]LogInit: Initializing FReadOnlyCVARCache
[2019.12.08-14.43.36:616][  0]LogAIModule: Creating AISystem for world Untitled
[2019.12.08-14.43.36:659][  0]LogInit: XAudio2 using 'Högtalare (Realtek High Definition Audio)' : 2 channels at 48 kHz using 32 bits per sample (channel mask 0x3)
[2019.12.08-14.43.36:678][  0]LogInit: FAudioDevice initialized.
[2019.12.08-14.43.36:679][  0]LogNetVersion: Set ProjectVersion to 1.0.0.0. Version Checksum will be recalculated on next use.
[2019.12.08-14.43.37:534][  0]LogDerivedDataCache: Saved boot cache 0.86s 76MB C:/Users/Viktor/AppData/Local/UnrealEngine/4.23/DerivedDataCache/Boot.ddc.
[2019.12.08-14.43.37:555][  0]LogInit: Texture streaming: Enabled
[2019.12.08-14.43.37:704][  0]LogEngineSessionManager: EngineSessionManager initialized
[2019.12.08-14.43.37:704][  0]LogEditorSessionSummary: Verbose: Initializing EditorSessionSummaryWriter for editor session tracking
[2019.12.08-14.43.37:709][  0]LogEditorSessionSummary: EditorSessionSummaryWriter initialized
[2019.12.08-14.43.37:957][  0]LogInit: Transaction tracking system initialized
[2019.12.08-14.43.38:343][  0]BlueprintLog: New page: Editor Load
[2019.12.08-14.43.39:037][  0]LocalizationService: Localization service is disabled
[2019.12.08-14.43.44:279][  0]LogFileCache: Scanning file cache for directory 'C:/Users/Viktor/Documents/Unreal Projects/GravityGunProject/Content/' took 0.01s
[2019.12.08-14.43.44:279][  0]LogCook: Display: Max memory allowance for cook 16384mb min free memory 0mb
[2019.12.08-14.43.44:279][  0]LogCook: Display: Mobile HDR setting 1
[2019.12.08-14.43.46:337][  0]SourceControl: Source control is disabled
[2019.12.08-14.43.46:337][  0]Cmd: MAP LOAD FILE="../../../../../../Users/Viktor/Documents/Unreal Projects/GravityGunProject/Content/FirstPersonCPP/Maps/FirstPersonExampleMap.umap" TEMPLATE=0 SHOWPROGRESS=1 FEATURELEVEL=3
[2019.12.08-14.43.46:338][  0]LightingResults: New page: Lighting Build
[2019.12.08-14.43.46:383][  0]LogWorld: UWorld::CleanupWorld for Untitled, bSessionEnded=true, bCleanupResources=true
[2019.12.08-14.43.46:383][  0]MapCheck: New page: Map Check
[2019.12.08-14.43.46:384][  0]LightingResults: New page: Lighting Build
[2019.12.08-14.43.46:444][  0]LogUObjectHash: Compacting FUObjectHashTables data took   4.22ms
[2019.12.08-14.43.47:301][  0]LogAIModule: Creating AISystem for world FirstPersonExampleMap
[2019.12.08-14.43.47:312][  0]LogEditorServer: Finished looking for orphan Actors (0.000 secs)
[2019.12.08-14.43.47:378][  0]LogUObjectHash: Compacting FUObjectHashTables data took   4.15ms
[2019.12.08-14.43.47:378][  0]Cmd: MAP CHECKDEP NOCLEARLOG
[2019.12.08-14.43.47:379][  0]MapCheck: Map check complete: 0 Error(s), 0 Warning(s), took 0,167ms to complete.
[2019.12.08-14.43.47:379][  0]LogFileHelpers: Loading map 'FirstPersonExampleMap' took 1.042
[2019.12.08-14.43.47:674][  0]LogSlate: Updating window title bar state: overlay mode, drag disabled, window buttons hidden, title bar hidden
[2019.12.08-14.43.47:685][  0]LogSlate: Updating window title bar state: overlay mode, drag disabled, window buttons hidden, title bar hidden
[2019.12.08-14.43.47:697][  0]LogSlate: Updating window title bar state: overlay mode, drag disabled, window buttons hidden, title bar hidden
[2019.12.08-14.43.47:708][  0]LogSlate: Updating window title bar state: overlay mode, drag disabled, window buttons hidden, title bar hidden
[2019.12.08-14.43.47:770][  0]LogCollectionManager: Loaded 0 collections in 0.002133 seconds
[2019.12.08-14.43.47:803][  0]LogFileCache: Scanning file cache for directory 'C:/Users/Viktor/Documents/Unreal Projects/GravityGunProject/Saved/Collections/' took 0.00s
[2019.12.08-14.43.47:803][  0]LogFileCache: Scanning file cache for directory 'C:/Users/Viktor/Documents/Unreal Projects/GravityGunProject/Content/Developers/Viktor/Collections/' took 0.00s
[2019.12.08-14.43.47:803][  0]LogFileCache: Scanning file cache for directory 'C:/Users/Viktor/Documents/Unreal Projects/GravityGunProject/Content/Collections/' took 0.00s
[2019.12.08-14.43.47:803][  0]LogCollectionManager: Rebuilt the GUID cache for 0 collections in 0.000002 seconds
[2019.12.08-14.43.47:817][  0]LogContentBrowser: Native class hierarchy populated in 0.0137 seconds. Added 2868 classes and 682 folders.
[2019.12.08-14.43.47:864][  0]LogContentBrowser: Native class hierarchy updated for 'WidgetCarousel' in 0.0006 seconds. Added 0 classes and 0 folders.
[2019.12.08-14.43.48:826][  0]LogContentBrowser: Native class hierarchy updated for 'AddContentDialog' in 0.0004 seconds. Added 0 classes and 0 folders.
[2019.12.08-14.43.48:865][  0]LogContentBrowser: Native class hierarchy updated for 'SceneOutliner' in 0.0006 seconds. Added 1 classes and 2 folders.
[2019.12.08-14.43.49:122][  0]LogSlate: Took 0.122978 seconds to synchronously load lazily loaded font '../../../Engine/Content/Slate/Fonts/Roboto-Regular.ttf' (155K)
[2019.12.08-14.43.49:142][  0]LogSlate: Took 0.016465 seconds to synchronously load lazily loaded font '../../../Engine/Content/Slate/Fonts/Roboto-Bold.ttf' (160K)
[2019.12.08-14.43.49:177][  0]LogSlate: Took 0.027040 seconds to synchronously load lazily loaded font '../../../Engine/Content/Editor/Slate/Fonts/FontAwesome.ttf' (139K)
[2019.12.08-14.43.49:337][  0]LogRenderer: Reallocating scene render targets to support 1144x552 Format 9 NumSamples 1 (Frame:1).
[2019.12.08-14.43.49:441][  0]LogSlate: Took 0.000245 seconds to synchronously load lazily loaded font '../../../Engine/Content/Slate/Fonts/Roboto-Light.ttf' (167K)
[2019.12.08-14.43.49:566][  0]LogContentBrowser: Native class hierarchy updated for 'HierarchicalLODOutliner' in 0.0006 seconds. Added 0 classes and 0 folders.
[2019.12.08-14.43.49:566][  0]LogLoad: (Engine Initialization) Total time: 63.40 seconds
[2019.12.08-14.43.49:566][  0]LogLoad: (Engine Initialization) Total Blueprint compile time: 0.00 seconds
[2019.12.08-14.43.49:587][  0]LogActor: Warning: FloatingActor /Engine/Transient.World_0:PersistentLevel.FloatingActor_0 has natively added scene component(s), but none of them were set as the actor's RootComponent - picking one arbitrarily
[2019.12.08-14.43.49:658][  0]LogContentStreaming: Texture pool size now 600 MB
[2019.12.08-14.43.55:578][ 49]LogAssetRegistry: Asset discovery search completed in 40.4165 seconds
[2019.12.08-14.43.55:584][ 49]LogCollectionManager: Rebuilt the object cache for 0 collections in 0.000005 seconds (found 0 objects)
[2019.12.08-14.43.55:584][ 49]LogCollectionManager: Fixed up redirectors for 0 collections in 0.000073 seconds (updated 0 objects)
[2019.12.08-14.44.22:984][ 88]LogSlate: FSceneViewport::OnFocusLost() reason 0
[2019.12.08-14.44.28:310][684]LogSlate: Took 0.000214 seconds to synchronously load lazily loaded font '../../../Engine/Content/Slate/Fonts/Roboto-Light.ttf' (167K)
[2019.12.08-14.44.28:750][684]LogSlate: Took 0.060534 seconds to synchronously load lazily loaded font '../../../Engine/Content/Slate/Fonts/Roboto-BoldCondensed.ttf' (158K)
[2019.12.08-14.44.49:399][789]Candidate modules for hot reload:
[2019.12.08-14.44.49:399][789]  GravityGunProject
[2019.12.08-14.44.49:399][789]Launching UnrealBuildTool... [C:/Program Files/Epic Games/UE_4.23/Engine/Binaries/DotNET/UnrealBuildTool.exe  -ModuleWithSuffix=GravityGunProject,109 Win64 Development -TargetType=Editor -Project="C:/Users/Viktor/Documents/Unreal Projects/GravityGunProject/GravityGunProject.uproject" "C:/Users/Viktor/Documents/Unreal Projects/GravityGunProject/GravityGunProject.uproject"  -IgnoreJunk]
[2019.12.08-14.47.37:197][789]CompilerResultsLog: New page: Compilation - 8 dec 2019 16:47:37
[2019.12.08-14.47.37:197][789]CompilerResultsLog: Invalidating makefile for GravityGunProjectEditor (source file added)
[2019.12.08-14.47.37:197][789]CompilerResultsLog: Parsing headers for GravityGunProjectEditor
[2019.12.08-14.47.37:197][789]CompilerResultsLog:   Running UnrealHeaderTool "C:\Users\Viktor\Documents\Unreal Projects\GravityGunProject\GravityGunProject.uproject" "C:\Users\Viktor\Documents\Unreal Projects\GravityGunProject\Intermediate\Build\Win64\GravityGunProjectEditor\Development\GravityGunProjectEditor.uhtmanifest" -LogCmds="loginit warning, logexit warning, logdatabase error" -Unattended -WarningsAsErrors -installed
[2019.12.08-14.47.37:197][789]CompilerResultsLog: Reflection code generated for GravityGunProjectEditor in 9,9093699 seconds
[2019.12.08-14.47.37:197][789]CompilerResultsLog: Using Visual Studio 2017 14.16.27023 toolchain (C:\Program Files (x86)\Microsoft Visual Studio\2017\Community\VC\Tools\MSVC\14.16.27023) and Windows 10.0.17134.0 SDK (C:\Program Files (x86)\Windows Kits\10).
[2019.12.08-14.47.37:197][789]CompilerResultsLog: Building 6 actions with 6 processes...
[2019.12.08-14.47.37:197][789]CompilerResultsLog:   [1/6] GravityGunProject.init.gen.cpp
[2019.12.08-14.47.37:197][789]CompilerResultsLog:   [2/6] Weapon.cpp
[2019.12.08-14.47.37:197][789]CompilerResultsLog:   [3/6] Weapon.gen.cpp
[2019.12.08-14.47.37:197][789]CompilerResultsLog:   [4/6] UE4Editor-GravityGunProject-0109.lib
[2019.12.08-14.47.37:197][789]CompilerResultsLog:      Creating library C:\Users\Viktor\Documents\Unreal Projects\GravityGunProject\Intermediate\Build\Win64\UE4Editor\Development\GravityGunProject\UE4Editor-GravityGunProject-0109.lib and object C:\Users\Viktor\Documents\Unreal Projects\GravityGunProject\Intermediate\Build\Win64\UE4Editor\Development\GravityGunProject\UE4Editor-GravityGunProject-0109.exp
[2019.12.08-14.47.37:198][789]CompilerResultsLog:   [5/6] UE4Editor-GravityGunProject-0109.dll
[2019.12.08-14.47.37:198][789]CompilerResultsLog:      Creating library C:\Users\Viktor\Documents\Unreal Projects\GravityGunProject\Intermediate\Build\Win64\UE4Editor\Development\GravityGunProject\UE4Editor-GravityGunProject-0109.suppressed.lib and object C:\Users\Viktor\Documents\Unreal Projects\GravityGunProject\Intermediate\Build\Win64\UE4Editor\Development\GravityGunProject\UE4Editor-GravityGunProject-0109.suppressed.exp
[2019.12.08-14.47.37:198][789]CompilerResultsLog:   [6/6] GravityGunProjectEditor.target
[2019.12.08-14.47.37:198][789]CompilerResultsLog: Total time in Parallel executor: 154,12 seconds
[2019.12.08-14.47.37:198][789]CompilerResultsLog: Total execution time: 167,72 seconds
[2019.12.08-14.47.37:198][789]LogMainFrame: MainFrame: Module compiling took 167.797 seconds
[2019.12.08-14.47.37:253][789]LogUObjectHash: Compacting FUObjectHashTables data took   1.59ms
[2019.12.08-14.47.37:277][789]LogContentBrowser: Native class hierarchy populated in 0.0149 seconds. Added 2869 classes and 684 folders.
[2019.12.08-14.47.37:277][789]Display: HotReload took 167.9s.
[2019.12.08-14.47.37:282][789]Warning: HotReload operation took 167.9s.
[2019.12.08-14.47.37:913][789]LogSlate: Window 'Add C++ Class' being destroyed
[2019.12.08-14.47.37:997][789]LogHotReload: New module detected: UE4Editor-GravityGunProject-0109.dll
[2019.12.08-14.47.38:031][790]LogHotReload: Starting Hot-Reload from IDE
[2019.12.08-14.47.38:107][790]LogUObjectHash: Compacting FUObjectHashTables data took   1.22ms
[2019.12.08-14.47.38:157][790]LogClass: Could not find existing class Weapon in package /Script/GravityGunProject for HotReload, assuming new class
[2019.12.08-14.47.38:172][790]LogContentBrowser: Native class hierarchy updated for 'GravityGunProject' in 0.0009 seconds. Added 6 classes and 2 folders.
[2019.12.08-14.47.38:182][790]Display: HotReload successful (1 functions remapped  0 scriptstructs remapped)
[2019.12.08-14.47.38:292][790]LogUObjectHash: Compacting FUObjectHashTables data took   2.80ms
[2019.12.08-14.47.38:315][790]LogContentBrowser: Native class hierarchy populated in 0.0146 seconds. Added 2870 classes and 684 folders.
[2019.12.08-14.47.38:317][790]Display: HotReload took  0.3s.
[2019.12.08-14.52.39:180][260]LogEditorSessionSummary: EditorSessionSummary sent report. Type=Shutdown, SessionId={BA3D5B23-4341-70FD-12AD-3C94BC5FDD5A}
[2019.12.08-14.58.07:665][239]LogHotReload: New module detected: UE4Editor-GravityGunProject-0022.dll
[2019.12.08-14.58.09:345][245]LogHotReload: Starting Hot-Reload from IDE
[2019.12.08-14.58.09:419][245]LogUObjectHash: Compacting FUObjectHashTables data took   1.24ms
[2019.12.08-14.58.09:564][245]LogClass: Could not find existing class GravityGunProjectCharacter in package /Script/GravityGunProject for HotReload, assuming new class
[2019.12.08-14.58.09:575][245]LogClass: Could not find existing class Weapon in package /Script/GravityGunProject for HotReload, assuming new class
[2019.12.08-14.58.09:617][245]LogHotReload: Re-instancing GravityGunProjectCharacter after hot-reload.
[2019.12.08-14.58.10:221][245]LogHotReload: Re-instancing Weapon after hot-reload.
[2019.12.08-14.58.10:366][245]LogContentBrowser: Native class hierarchy updated for 'GravityGunProject' in 0.0005 seconds. Added 6 classes and 2 folders.
[2019.12.08-14.58.10:373][245]Display: HotReload successful (1 functions remapped  0 scriptstructs remapped)
[2019.12.08-14.58.10:484][245]LogUObjectHash: Compacting FUObjectHashTables data took   3.79ms
[2019.12.08-14.58.10:506][245]LogContentBrowser: Native class hierarchy populated in 0.0137 seconds. Added 2870 classes and 684 folders.
[2019.12.08-14.58.10:508][245]Display: HotReload took  1.2s.
[2019.12.08-15.03.41:048][ 14]LogUObjectHash: Compacting FUObjectHashTables data took   1.28ms
[2019.12.08-15.03.41:479][ 14]LogSlate: Window 'GravityGunProject - Unreal Editor' being destroyed
[2019.12.08-15.03.42:485][ 15]Cmd: QUIT_EDITOR
[2019.12.08-15.03.42:952][ 15]LogExit: Preparing to exit.
[2019.12.08-15.03.44:154][ 15]LogWorld: UWorld::CleanupWorld for World_0, bSessionEnded=true, bCleanupResources=true
[2019.12.08-15.03.44:330][ 15]LogDemo: Cleaned up 0 splitscreen connections with owner deletion
[2019.12.08-15.03.44:657][ 15]LogWorld: UWorld::CleanupWorld for None, bSessionEnded=true, bCleanupResources=true
[2019.12.08-15.03.44:674][ 15]LogExit: Editor shut down
[2019.12.08-15.03.44:675][ 15]LogExit: Transaction tracking system shut down
[2019.12.08-15.03.48:387][ 15]LogExit: Object subsystem successfully closed.
[2019.12.08-15.03.49:205][ 15]LogShaderCompilers: Display: Shaders left to compile 0
[2019.12.08-15.03.52:694][ 15]LogModuleManager: Shutting down and abandoning module GravityGunProject (672)
[2019.12.08-15.03.52:694][ 15]LogModuleManager: Shutting down and abandoning module HierarchicalLODOutliner (670)
[2019.12.08-15.03.52:694][ 15]LogModuleManager: Shutting down and abandoning module SceneOutliner (668)
[2019.12.08-15.03.52:695][ 15]LogModuleManager: Shutting down and abandoning module AddContentDialog (666)
[2019.12.08-15.03.52:734][ 15]LogModuleManager: Shutting down and abandoning module WidgetCarousel (665)
[2019.12.08-15.03.52:734][ 15]LogModuleManager: Shutting down and abandoning module EditorWidgets (662)
[2019.12.08-15.03.52:734][ 15]LogModuleManager: Shutting down and abandoning module CollectionManager (660)
[2019.12.08-15.03.52:735][ 15]LogModuleManager: Shutting down and abandoning module StatsViewer (658)
[2019.12.08-15.03.52:825][ 15]LogModuleManager: Shutting down and abandoning module VirtualTexturingEditor (656)
[2019.12.08-15.03.52:825][ 15]LogModuleManager: Shutting down and abandoning module FoliageEdit (654)
[2019.12.08-15.03.52:825][ 15]LogModuleManager: Shutting down and abandoning module LandscapeEditor (652)
[2019.12.08-15.03.52:826][ 15]LogModuleManager: Shutting down and abandoning module MeshPaintMode (650)
[2019.12.08-15.03.52:826][ 15]LogModuleManager: Shutting down and abandoning module SceneDepthPickerMode (648)
[2019.12.08-15.03.52:826][ 15]LogModuleManager: Shutting down and abandoning module ActorPickerMode (646)
[2019.12.08-15.03.52:826][ 15]LogModuleManager: Shutting down and abandoning module GeometryMode (644)
[2019.12.08-15.03.52:826][ 15]LogModuleManager: Shutting down and abandoning module TextureAlignMode (642)
[2019.12.08-15.03.52:826][ 15]LogModuleManager: Shutting down and abandoning module BspMode (640)
[2019.12.08-15.03.52:826][ 15]LogModuleManager: Shutting down and abandoning module PIEPreviewDeviceProfileSelector (638)
[2019.12.08-15.03.52:946][ 15]LogModuleManager: Shutting down and abandoning module SequenceRecorderSections (636)
[2019.12.08-15.03.52:947][ 15]LogModuleManager: Shutting down and abandoning module AutomationWorker (634)
[2019.12.08-15.03.52:947][ 15]LogModuleManager: Shutting down and abandoning module OculusMR (632)
[2019.12.08-15.03.52:947][ 15]LogModuleManager: Shutting down and abandoning module AudioCaptureEditor (630)
[2019.12.08-15.03.52:947][ 15]LogModuleManager: Shutting down and abandoning module MatineeToLevelSequence (628)
[2019.12.08-15.03.52:947][ 15]LogModuleManager: Shutting down and abandoning module LevelSequenceEditor (626)
[2019.12.08-15.03.53:099][ 15]LogModuleManager: Shutting down and abandoning module PlacementMode (625)
[2019.12.08-15.03.53:099][ 15]LogModuleManager: Shutting down and abandoning module MaterialEditor (624)
[2019.12.08-15.03.53:275][ 15]LogModuleManager: Shutting down and abandoning module ActorSequenceEditor (620)
[2019.12.08-15.03.53:275][ 15]LogModuleManager: Shutting down and abandoning module WmfMediaFactory (618)
[2019.12.08-15.03.53:275][ 15]LogModuleManager: Shutting down and abandoning module WmfMediaEditor (616)
[2019.12.08-15.03.53:275][ 15]LogModuleManager: Shutting down and abandoning module WebMMediaFactory (614)
[2019.12.08-15.03.53:275][ 15]LogModuleManager: Shutting down and abandoning module WebMMediaEditor (612)
[2019.12.08-15.03.53:275][ 15]LogModuleManager: Shutting down and abandoning module WebMMedia (610)
[2019.12.08-15.03.53:313][ 15]LogModuleManager: Shutting down and abandoning module MediaPlayerEditor (608)
[2019.12.08-15.03.53:313][ 15]LogModuleManager: Shutting down and abandoning module MediaCompositingEditor (606)
[2019.12.08-15.03.53:313][ 15]LogModuleManager: Shutting down and abandoning module SequenceRecorder (605)
[2019.12.08-15.03.53:313][ 15]LogModuleManager: Shutting down and abandoning module OpenExrWrapper (602)
[2019.12.08-15.03.53:313][ 15]LogModuleManager: Shutting down and abandoning module ImgMediaFactory (600)
[2019.12.08-15.03.53:313][ 15]LogModuleManager: Shutting down and abandoning module ImgMediaEditor (598)
[2019.12.08-15.03.53:313][ 15]LogModuleManager: Shutting down and abandoning module AvfMediaFactory (596)
[2019.12.08-15.03.53:313][ 15]LogModuleManager: Shutting down and abandoning module AvfMediaEditor (594)
[2019.12.08-15.03.53:313][ 15]LogModuleManager: Shutting down and abandoning module AndroidMediaFactory (592)
[2019.12.08-15.03.53:313][ 15]LogModuleManager: Shutting down and abandoning module AndroidMediaEditor (590)
[2019.12.08-15.03.53:313][ 15]LogModuleManager: Shutting down and abandoning module MagicLeapCameraPreviewFactory (588)
[2019.12.08-15.03.53:314][ 15]LogModuleManager: Shutting down and abandoning module MagicLeapMediaCodecFactory (586)
[2019.12.08-15.03.53:314][ 15]LogModuleManager: Shutting down and abandoning module MagicLeapMediaFactory (584)
[2019.12.08-15.03.53:314][ 15]LogModuleManager: Shutting down and abandoning module MagicLeapMediaEditor (582)
[2019.12.08-15.03.53:314][ 15]LogModuleManager: Shutting down and abandoning module CharacterAI (580)
[2019.12.08-15.03.53:314][ 15]LogModuleManager: Shutting down and abandoning module SmartSnapping (578)
[2019.12.08-15.03.53:314][ 15]LogModuleManager: Shutting down and abandoning module SessionServices (576)
[2019.12.08-15.03.53:314][ 15]LogModuleManager: Shutting down and abandoning module MeshPaint (574)
[2019.12.08-15.03.53:369][ 15]LogModuleManager: Shutting down and abandoning module ViewportSnapping (572)
[2019.12.08-15.03.53:369][ 15]LogModuleManager: Shutting down and abandoning module ViewportInteraction (570)
[2019.12.08-15.03.53:369][ 15]LogModuleManager: Shutting down and abandoning module ClothPainter (568)
[2019.12.08-15.03.53:387][ 15]LogModuleManager: Shutting down and abandoning module SkeletalMeshEditor (567)
[2019.12.08-15.03.53:387][ 15]LogModuleManager: Shutting down and abandoning module LogVisualizer (564)
[2019.12.08-15.03.53:387][ 15]LogModuleManager: Shutting down and abandoning module IntroTutorials (562)
[2019.12.08-15.03.53:388][ 15]LogModuleManager: Shutting down and abandoning module GameProjectGeneration (561)
[2019.12.08-15.03.53:388][ 15]LogModuleManager: Shutting down and abandoning module LuminPlatformEditor (558)
[2019.12.08-15.03.53:388][ 15]LogModuleManager: Shutting down and abandoning module IOSPlatformEditor (556)
[2019.12.08-15.03.53:388][ 15]LogModuleManager: Shutting down and abandoning module HTML5PlatformEditor (554)
[2019.12.08-15.03.53:388][ 15]LogModuleManager: Shutting down and abandoning module AndroidPlatformEditor (552)
[2019.12.08-15.03.53:388][ 15]LogModuleManager: Shutting down and abandoning module AndroidDeviceDetection (551)
[2019.12.08-15.03.53:602][ 15]LogModuleManager: Shutting down and abandoning module WindowsPlatformEditor (548)
[2019.12.08-15.03.53:603][ 15]LogModuleManager: Shutting down and abandoning module LuminRuntimeSettings (546)
[2019.12.08-15.03.53:603][ 15]LogModuleManager: Shutting down and abandoning module IOSRuntimeSettings (544)
[2019.12.08-15.03.53:603][ 15]LogModuleManager: Shutting down and abandoning module AndroidRuntimeSettings (542)
[2019.12.08-15.03.53:603][ 15]LogModuleManager: Shutting down and abandoning module TimeManagementEditor (540)
[2019.12.08-15.03.53:603][ 15]LogModuleManager: Shutting down and abandoning module InputBindingEditor (538)
[2019.12.08-15.03.53:603][ 15]LogModuleManager: Shutting down and abandoning module MergeActors (536)
[2019.12.08-15.03.53:603][ 15]LogModuleManager: Shutting down and abandoning module LocalizationDashboard (534)
[2019.12.08-15.03.53:603][ 15]LogModuleManager: Shutting down and abandoning module LocalizationService (533)
[2019.12.08-15.03.53:603][ 15]LogModuleManager: Shutting down and abandoning module HardwareTargeting (530)
[2019.12.08-15.03.53:604][ 15]LogModuleManager: Shutting down and abandoning module DeviceProfileEditor (528)
[2019.12.08-15.03.53:604][ 15]LogModuleManager: Shutting down and abandoning module UndoHistory (526)
[2019.12.08-15.03.53:604][ 15]LogModuleManager: Shutting down and abandoning module XmlParser (524)
[2019.12.08-15.03.53:604][ 15]LogModuleManager: Shutting down and abandoning module Blutility (522)
[2019.12.08-15.03.53:703][ 15]LogModuleManager: Shutting down and abandoning module ProjectSettingsViewer (520)
[2019.12.08-15.03.53:703][ 15]LogModuleManager: Shutting down and abandoning module ProjectTargetPlatformEditor (519)
[2019.12.08-15.03.53:703][ 15]LogModuleManager: Shutting down and abandoning module EditorSettingsViewer (516)
[2019.12.08-15.03.53:704][ 15]LogModuleManager: Shutting down and abandoning module SettingsEditor (514)
[2019.12.08-15.03.53:770][ 15]LogModuleManager: Shutting down and abandoning module ProjectLauncher (512)
[2019.12.08-15.03.53:799][ 15]LogModuleManager: Shutting down and abandoning module SessionFrontend (510)
[2019.12.08-15.03.53:808][ 15]LogModuleManager: Shutting down and abandoning module ProfilerClient (508)
[2019.12.08-15.03.53:837][ 15]LogModuleManager: Shutting down and abandoning module DeviceManager (506)
[2019.12.08-15.03.53:851][ 15]LogModuleManager: Shutting down and abandoning module TargetDeviceServices (505)
[2019.12.08-15.03.53:922][ 15]LogModuleManager: Shutting down and abandoning module AutomationController (502)
[2019.12.08-15.03.54:063][ 15]LogModuleManager: Shutting down and abandoning module AutomationWindow (500)
[2019.12.08-15.03.54:116][ 15]LogModuleManager: Shutting down and abandoning module Layers (498)
[2019.12.08-15.03.54:285][ 15]LogModuleManager: Shutting down and abandoning module ComponentVisualizers (496)
[2019.12.08-15.03.54:285][ 15]LogModuleManager: Shutting down and abandoning module DetailCustomizations (494)
[2019.12.08-15.03.54:865][ 15]LogModuleManager: Shutting down and abandoning module PackagesDialog (492)
[2019.12.08-15.03.54:933][ 15]LogModuleManager: Shutting down and abandoning module AnimationBlueprintEditor (490)
[2019.12.08-15.03.55:785][ 15]LogModuleManager: Shutting down and abandoning module Persona (488)
[2019.12.08-15.03.55:842][ 15]LogModuleManager: Shutting down and abandoning module AdvancedPreviewScene (487)
[2019.12.08-15.03.55:842][ 15]LogModuleManager: Shutting down and abandoning module AnimGraph (485)
[2019.12.08-15.03.55:842][ 15]LogModuleManager: Shutting down and abandoning module Kismet (482)
[2019.12.08-15.03.56:090][ 15]LogModuleManager: Shutting down and abandoning module KismetWidgets (481)
[2019.12.08-15.03.56:170][ 15]LogModuleManager: Shutting down and abandoning module GraphEditor (478)
[2019.12.08-15.03.56:308][ 15]LogModuleManager: Shutting down and abandoning module StructViewer (476)
[2019.12.08-15.03.56:309][ 15]LogModuleManager: Shutting down and abandoning module ClassViewer (474)
[2019.12.08-15.03.56:314][ 15]LogModuleManager: Shutting down and abandoning module Toolbox (472)
[2019.12.08-15.03.56:314][ 15]LogModuleManager: Shutting down and abandoning module DesktopPlatform (471)
[2019.12.08-15.03.56:339][ 15]LogModuleManager: Shutting down and abandoning module ModuleUI (468)
[2019.12.08-15.03.56:413][ 15]LogModuleManager: Shutting down and abandoning module MovieSceneTools (466)
[2019.12.08-15.03.56:454][ 15]LogModuleManager: Shutting down and abandoning module OutputLog (464)
[2019.12.08-15.03.56:512][ 15]LogModuleManager: Shutting down and abandoning module GammaUI (462)
[2019.12.08-15.03.56:523][ 15]LogModuleManager: Shutting down and abandoning module Documentation (460)
[2019.12.08-15.03.56:523][ 15]LogModuleManager: Shutting down and abandoning module LiveCoding (458)
[2019.12.08-15.03.56:610][ 15]LogModuleManager: Shutting down and abandoning module LevelSequence (456)
[2019.12.08-15.03.56:610][ 15]LogModuleManager: Shutting down and abandoning module MovieSceneTracks (454)
[2019.12.08-15.03.56:610][ 15]LogModuleManager: Shutting down and abandoning module MovieScene (452)
[2019.12.08-15.03.56:643][ 15]LogModuleManager: Shutting down and abandoning module StreamingPauseRendering (450)
[2019.12.08-15.03.56:716][ 15]LogModuleManager: Shutting down and abandoning module LauncherPlatform (448)
[2019.12.08-15.03.56:716][ 15]LogModuleManager: Shutting down and abandoning module AnalyticsET (446)
[2019.12.08-15.03.56:716][ 15]LogModuleManager: Shutting down and abandoning module PortalServices (444)
[2019.12.08-15.03.56:716][ 15]LogModuleManager: Shutting down and abandoning module PortalRpc (442)
[2019.12.08-15.03.56:716][ 15]LogModuleManager: Shutting down and abandoning module MessagingRpc (440)
[2019.12.08-15.03.56:716][ 15]LogModuleManager: Shutting down and abandoning module AIModule (438)
[2019.12.08-15.03.56:765][ 15]LogModuleManager: Shutting down and abandoning module GameplayDebugger (437)
[2019.12.08-15.03.56:861][ 15]LogModuleManager: Shutting down and abandoning module AITestSuite (435)
[2019.12.08-15.03.56:862][ 15]LogModuleManager: Shutting down and abandoning module NavigationSystem (433)
[2019.12.08-15.03.56:862][ 15]LogModuleManager: Shutting down and abandoning module ImageWriteQueue (430)
[2019.12.08-15.03.56:871][ 15]LogModuleManager: Shutting down and abandoning module ProfilerService (428)
[2019.12.08-15.03.57:065][ 15]LogModuleManager: Shutting down and abandoning module TaskGraph (426)
[2019.12.08-15.03.57:108][ 15]LogModuleManager: Shutting down and abandoning module ScreenshotTools (424)
[2019.12.08-15.03.57:108][ 15]LogModuleManager: Shutting down and abandoning module SteamVRController (422)
[2019.12.08-15.03.57:108][ 15]LogModuleManager: Shutting down and abandoning module ProceduralMeshComponentEditor (420)
[2019.12.08-15.03.57:108][ 15]LogModuleManager: Shutting down and abandoning module ProceduralMeshComponent (418)
[2019.12.08-15.03.57:126][ 15]LogModuleManager: Shutting down and abandoning module OculusEditor (416)
[2019.12.08-15.03.57:126][ 15]LogModuleManager: Shutting down and abandoning module OculusInput (414)
[2019.12.08-15.03.57:126][ 15]LogModuleManager: Shutting down and abandoning module MobilePatchingUtils (412)
[2019.12.08-15.03.57:126][ 15]LogModuleManager: Shutting down and abandoning module EditableMesh (410)
[2019.12.08-15.03.57:231][ 15]LogModuleManager: Shutting down and abandoning module CustomMeshComponent (408)
[2019.12.08-15.03.57:231][ 15]LogModuleManager: Shutting down and abandoning module CableComponent (406)
[2019.12.08-15.03.57:231][ 15]LogModuleManager: Shutting down and abandoning module AudioCapture (404)
[2019.12.08-15.03.57:231][ 15]LogModuleManager: Shutting down and abandoning module ArchVisCharacter (402)
[2019.12.08-15.03.57:232][ 15]LogModuleManager: Shutting down and abandoning module AppleImageUtilsBlueprintSupport (400)
[2019.12.08-15.03.57:232][ 15]LogModuleManager: Shutting down and abandoning module AppleImageUtils (398)
[2019.12.08-15.03.57:232][ 15]LogModuleManager: Shutting down and abandoning module AndroidPermission (396)
[2019.12.08-15.03.57:232][ 15]LogModuleManager: Shutting down and abandoning module NUTUnrealEngine4 (394)
[2019.12.08-15.03.57:245][ 15]LogModuleManager: Shutting down and abandoning module NetcodeUnitTest (392)
[2019.12.08-15.03.57:277][ 15]LogModuleManager: Shutting down and abandoning module MediaCompositing (390)
[2019.12.08-15.03.57:277][ 15]LogModuleManager: Shutting down and abandoning module ImgMedia (388)
[2019.12.08-15.03.57:325][ 15]LogModuleManager: Shutting down and abandoning module MagicLeapHelperVulkan (386)
[2019.12.08-15.03.57:325][ 15]LogModuleManager: Shutting down and abandoning module MagicLeapHelperOpenGL (384)
[2019.12.08-15.03.57:325][ 15]LogModuleManager: Shutting down and abandoning module MagicLeapAudio (382)
[2019.12.08-15.03.57:396][ 15]LogModuleManager: Shutting down and abandoning module HTML5Networking (380)
[2019.12.08-15.03.57:396][ 15]LogModuleManager: Shutting down and abandoning module GeometryCacheTracks (378)
[2019.12.08-15.03.57:396][ 15]LogModuleManager: Shutting down and abandoning module GeometryCacheSequencer (376)
[2019.12.08-15.03.57:396][ 15]LogModuleManager: Shutting down and abandoning module BackChannel (374)
[2019.12.08-15.03.57:420][ 15]LogModuleManager: Shutting down and abandoning module AutomationUtilsEditor (372)
[2019.12.08-15.03.57:420][ 15]LogModuleManager: Shutting down and abandoning module AutomationUtils (370)
[2019.12.08-15.03.57:420][ 15]LogModuleManager: Shutting down and abandoning module AlembicImporter (368)
[2019.12.08-15.03.57:447][ 15]LogModuleManager: Shutting down and abandoning module AlembicLibrary (367)
[2019.12.08-15.03.57:447][ 15]LogModuleManager: Shutting down and abandoning module GeometryCache (366)
[2019.12.08-15.03.57:447][ 15]LogModuleManager: Shutting down and abandoning module GeometryCacheEd (365)
[2019.12.08-15.03.57:447][ 15]LogModuleManager: Shutting down and abandoning module VariantManagerContent (360)
[2019.12.08-15.03.57:447][ 15]LogModuleManager: Shutting down and abandoning module DatasmithContentEditor (358)
[2019.12.08-15.03.57:447][ 15]LogModuleManager: Shutting down and abandoning module SpeedTreeImporter (356)
[2019.12.08-15.03.57:447][ 15]LogModuleManager: Shutting down and abandoning module PluginBrowser (354)
[2019.12.08-15.03.57:539][ 15]LogModuleManager: Shutting down and abandoning module MobileLauncherProfileWizard (352)
[2019.12.08-15.03.57:549][ 15]LogModuleManager: Shutting down and abandoning module MaterialAnalyzer (350)
[2019.12.08-15.03.57:556][ 15]LogModuleManager: Shutting down and abandoning module CurveEditorTools (348)
[2019.12.08-15.03.57:592][ 15]LogModuleManager: Shutting down and abandoning module CurveEditor (347)
[2019.12.08-15.03.57:669][ 15]LogModuleManager: Shutting down and abandoning module CryptoKeysOpenSSL (344)
[2019.12.08-15.03.57:669][ 15]LogModuleManager: Shutting down and abandoning module CryptoKeys (342)
[2019.12.08-15.03.57:670][ 15]LogModuleManager: Shutting down and abandoning module VisualStudioSourceCodeAccess (340)
[2019.12.08-15.03.57:670][ 15]LogModuleManager: Shutting down and abandoning module VisualStudioCodeSourceCodeAccess (338)
[2019.12.08-15.03.57:670][ 15]LogModuleManager: Shutting down and abandoning module UObjectPlugin (336)
[2019.12.08-15.03.57:670][ 15]LogModuleManager: Shutting down and abandoning module SubversionSourceControl (334)
[2019.12.08-15.03.57:735][ 15]LogModuleManager: Shutting down and abandoning module PerforceSourceControl (332)
[2019.12.08-15.03.57:932][ 15]LogModuleManager: Shutting down and abandoning module GitSourceControl (330)
[2019.12.08-15.03.57:999][ 15]LogModuleManager: Shutting down and abandoning module SourceControl (329)
[2019.12.08-15.03.58:000][ 15]LogModuleManager: Shutting down and abandoning module CLionSourceCodeAccess (326)
[2019.12.08-15.03.58:000][ 15]LogModuleManager: Shutting down and abandoning module AnimationSharingEd (324)
[2019.12.08-15.03.58:000][ 15]LogModuleManager: Shutting down and abandoning module ActorLayerUtilitiesEditor (322)
[2019.12.08-15.03.58:000][ 15]LogModuleManager: Shutting down and abandoning module ActorLayerUtilities (320)
[2019.12.08-15.03.58:000][ 15]LogModuleManager: Shutting down and abandoning module LightPropagationVolumeEditor (318)
[2019.12.08-15.03.58:000][ 15]LogModuleManager: Shutting down and abandoning module PaperTiledImporter (316)
[2019.12.08-15.03.58:000][ 15]LogModuleManager: Shutting down and abandoning module PaperSpriteSheetImporter (314)
[2019.12.08-15.03.58:000][ 15]LogModuleManager: Shutting down and abandoning module Paper2DEditor (312)
[2019.12.08-15.03.58:108][ 15]LogModuleManager: Shutting down and abandoning module SignificanceManager (308)
[2019.12.08-15.03.58:108][ 15]LogModuleManager: Shutting down and abandoning module RuntimePhysXCooking (306)
[2019.12.08-15.03.58:108][ 15]LogModuleManager: Shutting down and abandoning module PhysXVehiclesEditor (304)
[2019.12.08-15.03.58:108][ 15]LogModuleManager: Shutting down and abandoning module LocationServicesBPLibrary (300)
[2019.12.08-15.03.58:108][ 15]LogModuleManager: Shutting down and abandoning module ActorSequence (298)
[2019.12.08-15.03.58:108][ 15]LogModuleManager: Shutting down and abandoning module UdpMessaging (296)
[2019.12.08-15.03.58:208][ 15]LogModuleManager: Shutting down and abandoning module TcpMessaging (294)
[2019.12.08-15.03.58:339][ 15]LogModuleManager: Shutting down and abandoning module MagicLeapIdentity (292)
[2019.12.08-15.03.58:339][ 15]LogModuleManager: Shutting down and abandoning module MagicLeapSecureStorage (290)
[2019.12.08-15.03.58:339][ 15]LogModuleManager: Shutting down and abandoning module MagicLeapHandTracking (288)
[2019.12.08-15.03.58:382][ 15]LogModuleManager: Shutting down and abandoning module MagicLeapEyeTracker (286)
[2019.12.08-15.03.58:382][ 15]LogModuleManager: Shutting down and abandoning module MagicLeapController (284)
[2019.12.08-15.03.58:383][ 15]LogSlate: Slate User Destroyed.  User Index 0, Is Virtual User: 0
[2019.12.08-15.03.58:383][ 15]LogModuleManager: Shutting down and abandoning module MagicLeapAR (282)
[2019.12.08-15.03.58:383][ 15]LogModuleManager: Shutting down and abandoning module AugmentedReality (281)
[2019.12.08-15.03.58:383][ 15]LogModuleManager: Shutting down and abandoning module GameplayTagsEditor (278)
[2019.12.08-15.03.58:426][ 15]LogModuleManager: Shutting down and abandoning module FacialAnimationEditor (276)
[2019.12.08-15.03.58:426][ 15]LogModuleManager: Shutting down and abandoning module FacialAnimation (274)
[2019.12.08-15.03.58:426][ 15]LogModuleManager: Shutting down and abandoning module DataValidation (272)
[2019.12.08-15.03.58:471][ 15]LogModuleManager: Shutting down and abandoning module AssetManagerEditor (270)
[2019.12.08-15.03.58:541][ 15]LogModuleManager: Shutting down and abandoning module LevelEditor (269)
[2019.12.08-15.03.58:554][ 15]LogModuleManager: Shutting down and abandoning module PixelInspectorModule (268)
[2019.12.08-15.03.58:585][ 15]LogModuleManager: Shutting down and abandoning module CommonMenuExtensions (266)
[2019.12.08-15.03.58:586][ 15]LogModuleManager: Shutting down and abandoning module MainFrame (264)
[2019.12.08-15.03.58:586][ 15]LogModuleManager: Shutting down and abandoning module HotReload (263)
[2019.12.08-15.03.58:589][ 15]LogModuleManager: Shutting down and abandoning module ContentBrowser (259)
[2019.12.08-15.03.58:593][ 15]LogModuleManager: Shutting down and abandoning module TreeMap (257)
[2019.12.08-15.03.58:619][ 15]LogModuleManager: Shutting down and abandoning module AnimationSharing (254)
[2019.12.08-15.03.58:619][ 15]LogModuleManager: Shutting down and abandoning module LightPropagationVolumeRuntime (252)
[2019.12.08-15.03.58:619][ 15]LogModuleManager: Shutting down and abandoning module Paper2D (250)
[2019.12.08-15.03.58:692][ 15]LogModuleManager: Shutting down and abandoning module WindowsMoviePlayer (248)
[2019.12.08-15.03.58:713][ 15]LogModuleManager: Shutting down and abandoning module WebMMoviePlayer (246)
[2019.12.08-15.03.58:738][ 15]LogModuleManager: Shutting down and abandoning module NetworkReplayStreaming (244)
[2019.12.08-15.03.58:738][ 15]LogModuleManager: Shutting down and abandoning module PacketHandler (242)
[2019.12.08-15.03.58:738][ 15]LogModuleManager: Shutting down and abandoning module ClothingSystemEditor (240)
[2019.12.08-15.03.58:738][ 15]LogModuleManager: Shutting down and abandoning module ClothingSystemRuntime (238)
[2019.12.08-15.03.58:788][ 15]LogModuleManager: Shutting down and abandoning module MediaAssets (236)
[2019.12.08-15.03.58:789][ 15]LogModuleManager: Shutting down and abandoning module Overlay (234)
[2019.12.08-15.03.58:789][ 15]LogModuleManager: Shutting down and abandoning module OverlayEditor (233)
[2019.12.08-15.03.58:789][ 15]LogModuleManager: Shutting down and abandoning module VREditor (230)
[2019.12.08-15.03.58:858][ 15]LogModuleManager: Shutting down and abandoning module StringTableEditor (228)
[2019.12.08-15.03.58:896][ 15]LogModuleManager: Shutting down and abandoning module GameplayTasksEditor (226)
[2019.12.08-15.03.58:896][ 15]LogModuleManager: Shutting down and abandoning module BehaviorTreeEditor (224)
[2019.12.08-15.03.59:036][ 15]LogModuleManager: Shutting down and abandoning module FunctionalTesting (222)
[2019.12.08-15.03.59:049][ 15]LogModuleManager: Shutting down and abandoning module CollisionAnalyzer (220)
[2019.12.08-15.03.59:085][ 15]LogModuleManager: Shutting down and abandoning module WorkspaceMenuStructure (219)
[2019.12.08-15.03.59:123][ 15]LogModuleManager: Shutting down and abandoning module UMG (216)
[2019.12.08-15.03.59:151][ 15]LogModuleManager: Shutting down and abandoning module UMGEditor (215)
[2019.12.08-15.03.59:226][ 15]LogModuleManager: Shutting down and abandoning module Sequencer (214)
[2019.12.08-15.03.59:367][ 15]LogModuleManager: Shutting down and abandoning module MessageLog (211)
[2019.12.08-15.03.59:367][ 15]LogModuleManager: Shutting down and abandoning module SlateReflector (206)
[2019.12.08-15.03.59:545][ 15]LogModuleManager: Shutting down and abandoning module Slate (204)
[2019.12.08-15.03.59:545][ 15]LogModuleManager: Shutting down and abandoning module LandscapeEditorUtilities (202)
[2019.12.08-15.03.59:545][ 15]LogModuleManager: Shutting down and abandoning module EditorStyle (200)
[2019.12.08-15.03.59:548][ 15]LogModuleManager: Shutting down and abandoning module UnrealEd (198)
[2019.12.08-15.03.59:586][ 15]LogModuleManager: Shutting down and abandoning module MRMesh (196)
[2019.12.08-15.03.59:586][ 15]LogModuleManager: Shutting down and abandoning module SourceCodeAccess (194)
[2019.12.08-15.03.59:586][ 15]LogModuleManager: Shutting down and abandoning module HeadMountedDisplay (192)
[2019.12.08-15.03.59:586][ 15]LogModuleManager: Shutting down and abandoning module XAudio2 (190)
[2019.12.08-15.03.59:586][ 15]LogModuleManager: Shutting down and abandoning module Networking (188)
[2019.12.08-15.03.59:586][ 15]LogModuleManager: Shutting down and abandoning module Core (186)
[2019.12.08-15.03.59:587][ 15]LogModuleManager: Shutting down and abandoning module KismetCompiler (184)
[2019.12.08-15.03.59:587][ 15]LogModuleManager: Shutting down and abandoning module MeshUtilities (182)
[2019.12.08-15.03.59:587][ 15]LogModuleManager: Shutting down and abandoning module MeshMergeUtilities (181)
[2019.12.08-15.03.59:609][ 15]LogModuleManager: Shutting down and abandoning module MeshReductionInterface (180)
[2019.12.08-15.03.59:609][ 15]LogModuleManager: Shutting down and abandoning module SkeletalMeshReduction (179)
[2019.12.08-15.03.59:640][ 15]LogModuleManager: Shutting down and abandoning module ProxyLODMeshReduction (177)
[2019.12.08-15.03.59:820][ 15]LogModuleManager: Shutting down and abandoning module QuadricMeshReduction (175)
[2019.12.08-15.03.59:836][ 15]LogModuleManager: Shutting down and abandoning module MaterialBaking (171)
[2019.12.08-15.03.59:851][ 15]LogModuleManager: Shutting down and abandoning module NullInstallBundleManager (166)
[2019.12.08-15.03.59:851][ 15]LogModuleManager: Shutting down and abandoning module DerivedDataCache (164)
[2019.12.08-15.03.59:945][ 15]LogDerivedDataCache: Shutdown
[2019.12.08-15.03.59:946][ 15]LogModuleManager: Shutting down and abandoning module XGEController (162)
[2019.12.08-15.03.59:963][ 15]LogModuleManager: Shutting down and abandoning module TargetPlatform (160)
[2019.12.08-15.03.59:999][ 15]LogModuleManager: Shutting down and abandoning module VulkanShaderFormat (159)
[2019.12.08-15.04.00:037][ 15]LogModuleManager: Shutting down and abandoning module ShaderFormatVectorVM (157)
[2019.12.08-15.04.00:078][ 15]LogModuleManager: Shutting down and abandoning module ShaderFormatOpenGL (155)
[2019.12.08-15.04.00:105][ 15]LogModuleManager: Shutting down and abandoning module ShaderFormatD3D (153)
[2019.12.08-15.04.00:153][ 15]LogModuleManager: Shutting down and abandoning module MetalShaderFormat (151)
[2019.12.08-15.04.00:197][ 15]LogModuleManager: Shutting down and abandoning module TextureFormatUncompressed (149)
[2019.12.08-15.04.00:197][ 15]LogModuleManager: Shutting down and abandoning module TextureFormatPVR (147)
[2019.12.08-15.04.00:197][ 15]LogModuleManager: Shutting down and abandoning module TextureFormatDXT (145)
[2019.12.08-15.04.00:229][ 15]LogModuleManager: Shutting down and abandoning module TextureFormatIntelISPCTexComp (143)
[2019.12.08-15.04.00:231][ 15]LogModuleManager: Shutting down and abandoning module TextureFormatASTC (141)
[2019.12.08-15.04.00:231][ 15]LogModuleManager: Shutting down and abandoning module ImageWrapper (140)
[2019.12.08-15.04.00:231][ 15]LogModuleManager: Shutting down and abandoning module TextureFormatAndroid (137)
[2019.12.08-15.04.00:231][ 15]LogModuleManager: Shutting down and abandoning module AudioFormatOpus (135)
[2019.12.08-15.04.00:257][ 15]LogModuleManager: Shutting down and abandoning module AudioFormatOgg (133)
[2019.12.08-15.04.00:258][ 15]LogModuleManager: Shutting down and abandoning module AudioFormatADPCM (131)
[2019.12.08-15.04.00:258][ 15]LogModuleManager: Shutting down and abandoning module LuminTargetPlatform (129)
[2019.12.08-15.04.00:287][ 15]LogModuleManager: Shutting down and abandoning module LinuxTargetPlatform (127)
[2019.12.08-15.04.00:287][ 15]LogModuleManager: Shutting down and abandoning module LinuxServerTargetPlatform (125)
[2019.12.08-15.04.00:311][ 15]LogModuleManager: Shutting down and abandoning module LinuxNoEditorTargetPlatform (123)
[2019.12.08-15.04.00:318][ 15]LogModuleManager: Shutting down and abandoning module LinuxClientTargetPlatform (121)
[2019.12.08-15.04.00:323][ 15]LogModuleManager: Shutting down and abandoning module TVOSTargetPlatform (119)
[2019.12.08-15.04.00:326][ 15]LogModuleManager: Shutting down and abandoning module Messaging (117)
[2019.12.08-15.04.00:326][ 15]LogModuleManager: Shutting down and abandoning module IOSTargetPlatform (115)
[2019.12.08-15.04.00:329][ 15]LogModuleManager: Shutting down and abandoning module HTML5TargetPlatform (113)
[2019.12.08-15.04.00:329][ 15]LogModuleManager: Shutting down and abandoning module AndroidTargetPlatform (111)
[2019.12.08-15.04.00:351][ 15]LogModuleManager: Shutting down and abandoning module WindowsTargetPlatform (109)
[2019.12.08-15.04.00:351][ 15]LogModuleManager: Shutting down and abandoning module WindowsServerTargetPlatform (107)
[2019.12.08-15.04.00:351][ 15]LogModuleManager: Shutting down and abandoning module WindowsNoEditorTargetPlatform (105)
[2019.12.08-15.04.00:352][ 15]LogModuleManager: Shutting down and abandoning module WindowsClientTargetPlatform (103)
[2019.12.08-15.04.00:352][ 15]LogModuleManager: Shutting down and abandoning module MacTargetPlatform (101)
[2019.12.08-15.04.00:352][ 15]LogModuleManager: Shutting down and abandoning module MacServerTargetPlatform (99)
[2019.12.08-15.04.00:352][ 15]LogModuleManager: Shutting down and abandoning module MacNoEditorTargetPlatform (97)
[2019.12.08-15.04.00:352][ 15]LogModuleManager: Shutting down and abandoning module MacClientTargetPlatform (95)
[2019.12.08-15.04.00:352][ 15]LogModuleManager: Shutting down and abandoning module AllDesktopTargetPlatform (93)
[2019.12.08-15.04.00:352][ 15]LogModuleManager: Shutting down and abandoning module InputCore (90)
[2019.12.08-15.04.00:352][ 15]LogModuleManager: Shutting down and abandoning module Settings (88)
[2019.12.08-15.04.00:352][ 15]LogModuleManager: Shutting down and abandoning module DirectoryWatcher (86)
[2019.12.08-15.04.00:355][ 15]LogModuleManager: Shutting down and abandoning module PhysXCooking (84)
[2019.12.08-15.04.00:355][ 15]LogModuleManager: Shutting down and abandoning module WindowsPlatformFeatures (82)
[2019.12.08-15.04.00:355][ 15]LogModuleManager: Shutting down and abandoning module GameplayMediaEncoder (81)
[2019.12.08-15.04.00:372][ 15]LogModuleManager: Shutting down and abandoning module SteamVR (78)
[2019.12.08-15.04.00:381][ 15]LogHMD: Freeing OpenVRDLLHandle.
[2019.12.08-15.04.00:382][ 15]LogModuleManager: Shutting down and abandoning module OculusHMD (76)
[2019.12.08-15.04.00:400][ 15]LogModuleManager: Shutting down and abandoning module ExampleDeviceProfileSelector (74)
[2019.12.08-15.04.00:400][ 15]LogModuleManager: Shutting down and abandoning module LauncherChunkInstaller (72)
[2019.12.08-15.04.00:400][ 15]LogModuleManager: Shutting down and abandoning module OnlineBlueprintSupport (70)
[2019.12.08-15.04.00:400][ 15]LogModuleManager: Shutting down and abandoning module OnlineSubsystem (66)
[2019.12.08-15.04.00:551][ 15]LogModuleManager: Shutting down and abandoning module XMPP (61)
[2019.12.08-15.04.00:570][ 15]LogModuleManager: Shutting down and abandoning module WebSockets (60)
[2019.12.08-15.04.00:715][ 15]LogModuleManager: Shutting down and abandoning module HTTP (57)
[2019.12.08-15.04.00:715][ 15]LogHttp: Display: Http module shutting down, but needs to wait on 1 outstanding Http requests:
[2019.12.08-15.04.00:715][ 15]LogHttp: Display: 	verb=[POST] url=[https://datarouter.ol.epicgames.com/datarouter/api/v1/public/data?SessionID=%7BF39F96F9-4A89-1F23-33F9-A3A00600C8D9%7D&AppID=UEEditor.Rocket.Release&AppVersion=4.23.1-9631420%2B%2B%2BUE4%2BRelease-4.23&UserID=413d0c4c4cb3abed6eafecafb09c7dbf%7C29e66d52c99c4201ada37c2db1255afa%7C37c326b2-1f96-4a11-ac60-7e52f23b58e6&AppEnvironment=datacollector-binary&UploadType=eteventstream] status=Processing
[2019.12.08-15.04.00:733][ 15]LogModuleManager: Shutting down and abandoning module SSL (56)
[2019.12.08-15.04.00:751][ 15]LogModuleManager: Shutting down and abandoning module WmfMedia (52)
[2019.12.08-15.04.00:828][ 15]LogModuleManager: Shutting down and abandoning module Media (51)
[2019.12.08-15.04.00:829][ 15]LogModuleManager: Shutting down and abandoning module MagicLeap (48)
[2019.12.08-15.04.00:863][ 15]LogModuleManager: Shutting down and abandoning module DatasmithContent (46)
[2019.12.08-15.04.00:864][ 15]LogModuleManager: Shutting down and abandoning module AISupportModule (44)
[2019.12.08-15.04.00:864][ 15]LogModuleManager: Shutting down and abandoning module PlatformCryptoOpenSSL (42)
[2019.12.08-15.04.00:886][ 15]LogModuleManager: Shutting down and abandoning module PlatformCrypto (40)
[2019.12.08-15.04.00:886][ 15]LogModuleManager: Shutting down and abandoning module AnimationModifiers (38)
[2019.12.08-15.04.00:929][ 15]LogModuleManager: Shutting down and abandoning module PropertyEditor (37)
[2019.12.08-15.04.00:966][ 15]LogModuleManager: Shutting down and abandoning module AudioEditor (34)
[2019.12.08-15.04.01:066][ 15]LogModuleManager: Shutting down and abandoning module TextureCompressor (32)
[2019.12.08-15.04.01:118][ 15]LogModuleManager: Shutting down and abandoning module RenderCore (30)
[2019.12.08-15.04.01:118][ 15]LogModuleManager: Shutting down and abandoning module Landscape (28)
[2019.12.08-15.04.01:118][ 15]LogModuleManager: Shutting down and abandoning module SlateRHIRenderer (26)
[2019.12.08-15.04.01:149][ 15]LogModuleManager: Shutting down and abandoning module OpenGLDrv (24)
[2019.12.08-15.04.01:199][ 15]LogModuleManager: Shutting down and abandoning module D3D11RHI (22)
[2019.12.08-15.04.01:199][ 15]LogModuleManager: Shutting down and abandoning module AnimGraphRuntime (20)
[2019.12.08-15.04.01:221][ 15]LogModuleManager: Shutting down and abandoning module Renderer (18)
[2019.12.08-15.04.01:221][ 15]LogModuleManager: Shutting down and abandoning module Engine (16)
[2019.12.08-15.04.01:221][ 15]LogModuleManager: Shutting down and abandoning module CoreUObject (14)
[2019.12.08-15.04.01:221][ 15]LogModuleManager: Shutting down and abandoning module NetworkFile (12)
[2019.12.08-15.04.01:233][ 15]LogModuleManager: Shutting down and abandoning module CookedIterativeFile (10)
[2019.12.08-15.04.01:233][ 15]LogModuleManager: Shutting down and abandoning module StreamingFile (8)
[2019.12.08-15.04.01:243][ 15]LogModuleManager: Shutting down and abandoning module SandboxFile (6)
[2019.12.08-15.04.01:243][ 15]LogModuleManager: Shutting down and abandoning module PakFile (4)
[2019.12.08-15.04.01:281][ 15]LogModuleManager: Shutting down and abandoning module RSA (3)
[2019.12.08-15.04.01:313][ 15]LogD3D11RHI: Shutdown
[2019.12.08-15.04.01:313][ 15]LogD3D11RHI: CleanupD3DDevice
[2019.12.08-15.04.01:446][ 15]LogRendererCore: FGlobalDynamicReadBuffer::Cleanup()
[2019.12.08-15.04.01:453][ 15]LogRendererCore: FGlobalDynamicReadBuffer::Cleanup()
[2019.12.08-15.04.01:454][ 15]LogRendererCore: FGlobalDynamicReadBuffer::Cleanup()
[2019.12.08-15.04.01:785][ 15]LogD3D11RHI: ~FD3D11DynamicRHI
[2019.12.08-15.04.01:883][ 15]LogExit: Exiting.
[2019.12.08-15.04.01:913][ 15]Log file closed, 12/08/19 16:04:01
